ModelWeb Browser Results

nrlmsise model listing
Required input parameters
Year= 2012, Month=  1, Day= 14, Hour= 1.50,
Time_type = Universal
Coordinate_type = Geographic
Latitude=   41.25, Longitude=  262.73, Height=  1000.00
Prof. parameters: Start=     0.00 Stop=  1000.00 Step=     1.00

Optional input parameters:

Sunspot number(Rz12) =not specified
Ionospheric index(IG12) =not specified
Upper limit for Electron content = not specified
F peak model =  
Ne Topside =  
foF2 Storm model =  
Bottomside Thickness =  
F1 occurrence probability =  
D-Region Ne =  
Topside Te =  
Ion Composition =  

Selected output parameters:
1  Height, km
2  O, cm-3 
3  N2, cm-3
4  O2, cm-3
5  He, cm-3 
6  H, cm-3
7  N, cm-3

1         2         3         4         5         6         7         
    0.0  0.000E+00  2.016E+19  5.410E+18  1.353E+14  0.000E+00  0.000E+00
    1.0  0.000E+00  1.809E+19  4.852E+18  1.214E+14  0.000E+00  0.000E+00
    2.0  0.000E+00  1.631E+19  4.374E+18  1.094E+14  0.000E+00  0.000E+00
    3.0  0.000E+00  1.474E+19  3.954E+18  9.891E+13  0.000E+00  0.000E+00
    4.0  0.000E+00  1.333E+19  3.575E+18  8.943E+13  0.000E+00  0.000E+00
    5.0  0.000E+00  1.203E+19  3.227E+18  8.072E+13  0.000E+00  0.000E+00
    6.0  0.000E+00  1.082E+19  2.902E+18  7.259E+13  0.000E+00  0.000E+00
    7.0  0.000E+00  9.681E+18  2.597E+18  6.497E+13  0.000E+00  0.000E+00
    8.0  0.000E+00  8.612E+18  2.310E+18  5.779E+13  0.000E+00  0.000E+00
    9.0  0.000E+00  7.610E+18  2.041E+18  5.107E+13  0.000E+00  0.000E+00
   10.0  0.000E+00  6.675E+18  1.791E+18  4.479E+13  0.000E+00  0.000E+00
   11.0  0.000E+00  5.813E+18  1.559E+18  3.901E+13  0.000E+00  0.000E+00
   12.0  0.000E+00  5.031E+18  1.350E+18  3.376E+13  0.000E+00  0.000E+00
   13.0  0.000E+00  4.333E+18  1.163E+18  2.908E+13  0.000E+00  0.000E+00
   14.0  0.000E+00  3.719E+18  9.976E+17  2.495E+13  0.000E+00  0.000E+00
   15.0  0.000E+00  3.182E+18  8.537E+17  2.135E+13  0.000E+00  0.000E+00
   16.0  0.000E+00  2.718E+18  7.291E+17  1.824E+13  0.000E+00  0.000E+00
   17.0  0.000E+00  2.318E+18  6.219E+17  1.556E+13  0.000E+00  0.000E+00
   18.0  0.000E+00  1.976E+18  5.301E+17  1.326E+13  0.000E+00  0.000E+00
   19.0  0.000E+00  1.683E+18  4.516E+17  1.130E+13  0.000E+00  0.000E+00
   20.0  0.000E+00  1.434E+18  3.847E+17  9.624E+12  0.000E+00  0.000E+00
   21.0  0.000E+00  1.222E+18  3.279E+17  8.201E+12  0.000E+00  0.000E+00
   22.0  0.000E+00  1.042E+18  2.795E+17  6.991E+12  0.000E+00  0.000E+00
   23.0  0.000E+00  8.883E+17  2.383E+17  5.961E+12  0.000E+00  0.000E+00
   24.0  0.000E+00  7.576E+17  2.033E+17  5.084E+12  0.000E+00  0.000E+00
   25.0  0.000E+00  6.463E+17  1.734E+17  4.337E+12  0.000E+00  0.000E+00
   26.0  0.000E+00  5.515E+17  1.479E+17  3.701E+12  0.000E+00  0.000E+00
   27.0  0.000E+00  4.706E+17  1.263E+17  3.158E+12  0.000E+00  0.000E+00
   28.0  0.000E+00  4.017E+17  1.078E+17  2.696E+12  0.000E+00  0.000E+00
   29.0  0.000E+00  3.430E+17  9.201E+16  2.302E+12  0.000E+00  0.000E+00
   30.0  0.000E+00  2.929E+17  7.857E+16  1.966E+12  0.000E+00  0.000E+00
   31.0  0.000E+00  2.502E+17  6.712E+16  1.679E+12  0.000E+00  0.000E+00
   32.0  0.000E+00  2.138E+17  5.734E+16  1.434E+12  0.000E+00  0.000E+00
   33.0  0.000E+00  1.827E+17  4.900E+16  1.226E+12  0.000E+00  0.000E+00
   34.0  0.000E+00  1.560E+17  4.184E+16  1.047E+12  0.000E+00  0.000E+00
   35.0  0.000E+00  1.332E+17  3.572E+16  8.936E+11  0.000E+00  0.000E+00
   36.0  0.000E+00  1.137E+17  3.051E+16  7.631E+11  0.000E+00  0.000E+00
   37.0  0.000E+00  9.719E+16  2.607E+16  6.522E+11  0.000E+00  0.000E+00
   38.0  0.000E+00  8.317E+16  2.231E+16  5.582E+11  0.000E+00  0.000E+00
   39.0  0.000E+00  7.130E+16  1.913E+16  4.785E+11  0.000E+00  0.000E+00
   40.0  0.000E+00  6.125E+16  1.643E+16  4.110E+11  0.000E+00  0.000E+00
   41.0  0.000E+00  5.274E+16  1.415E+16  3.539E+11  0.000E+00  0.000E+00
   42.0  0.000E+00  4.554E+16  1.222E+16  3.056E+11  0.000E+00  0.000E+00
   43.0  0.000E+00  3.944E+16  1.058E+16  2.647E+11  0.000E+00  0.000E+00
   44.0  0.000E+00  3.427E+16  9.195E+15  2.300E+11  0.000E+00  0.000E+00
   45.0  0.000E+00  2.989E+16  8.017E+15  2.006E+11  0.000E+00  0.000E+00
   46.0  0.000E+00  2.615E+16  7.015E+15  1.755E+11  0.000E+00  0.000E+00
   47.0  0.000E+00  2.295E+16  6.156E+15  1.540E+11  0.000E+00  0.000E+00
   48.0  0.000E+00  2.018E+16  5.415E+15  1.354E+11  0.000E+00  0.000E+00
   49.0  0.000E+00  1.778E+16  4.770E+15  1.193E+11  0.000E+00  0.000E+00
   50.0  0.000E+00  1.568E+16  4.207E+15  1.052E+11  0.000E+00  0.000E+00
   51.0  0.000E+00  1.384E+16  3.713E+15  9.287E+10  0.000E+00  0.000E+00
   52.0  0.000E+00  1.221E+16  3.276E+15  8.195E+10  0.000E+00  0.000E+00
   53.0  0.000E+00  1.077E+16  2.890E+15  7.229E+10  0.000E+00  0.000E+00
   54.0  0.000E+00  9.496E+15  2.547E+15  6.372E+10  0.000E+00  0.000E+00
   55.0  0.000E+00  8.360E+15  2.243E+15  5.610E+10  0.000E+00  0.000E+00
   56.0  0.000E+00  7.351E+15  1.972E+15  4.933E+10  0.000E+00  0.000E+00
   57.0  0.000E+00  6.454E+15  1.731E+15  4.331E+10  0.000E+00  0.000E+00
   58.0  0.000E+00  5.659E+15  1.518E+15  3.798E+10  0.000E+00  0.000E+00
   59.0  0.000E+00  4.956E+15  1.330E+15  3.326E+10  0.000E+00  0.000E+00
   60.0  0.000E+00  4.335E+15  1.163E+15  2.909E+10  0.000E+00  0.000E+00
   61.0  0.000E+00  3.787E+15  1.016E+15  2.541E+10  0.000E+00  0.000E+00
   62.0  0.000E+00  3.305E+15  8.866E+14  2.218E+10  0.000E+00  0.000E+00
   63.0  0.000E+00  2.881E+15  7.722E+14  1.934E+10  0.000E+00  0.000E+00
   64.0  0.000E+00  2.508E+15  6.715E+14  1.686E+10  0.000E+00  0.000E+00
   65.0  0.000E+00  2.182E+15  5.833E+14  1.469E+10  0.000E+00  0.000E+00
   66.0  0.000E+00  1.896E+15  5.062E+14  1.278E+10  0.000E+00  0.000E+00
   67.0  0.000E+00  1.646E+15  4.388E+14  1.111E+10  0.000E+00  0.000E+00
   68.0  0.000E+00  1.428E+15  3.801E+14  9.649E+09  0.000E+00  0.000E+00
   69.0  0.000E+00  1.238E+15  3.290E+14  8.374E+09  0.000E+00  0.000E+00
   70.0  0.000E+00  1.072E+15  2.845E+14  7.261E+09  0.000E+00  0.000E+00
   71.0  0.000E+00  9.277E+14  2.459E+14  6.291E+09  0.000E+00  0.000E+00
   72.0  0.000E+00  8.022E+14  2.123E+14  5.447E+09  0.000E+00  0.000E+00
   73.0  8.471E+06  6.950E+14  1.837E+14  4.726E+09  4.809E-23  3.892E+04
   74.0  2.198E+07  6.011E+14  1.587E+14  4.096E+09  1.526E-11  4.251E+04
   75.0  5.593E+07  5.203E+14  1.372E+14  3.554E+09  3.119E-04  4.653E+04
   76.0  1.384E+08  4.504E+14  1.186E+14  3.085E+09  1.188E+01  5.101E+04
   77.0  3.310E+08  3.900E+14  1.025E+14  2.679E+09  8.187E+03  5.599E+04
   78.0  7.601E+08  3.376E+14  8.858E+13  2.327E+09  4.505E+05  6.151E+04
   79.0  1.668E+09  2.921E+14  7.650E+13  2.022E+09  5.105E+06  6.762E+04
   80.0  3.483E+09  2.525E+14  6.601E+13  1.757E+09  2.164E+07  7.434E+04
   81.0  6.906E+09  2.181E+14  5.690E+13  1.526E+09  4.988E+07  8.173E+04
   82.0  1.298E+10  1.882E+14  4.898E+13  1.325E+09  7.881E+07  8.982E+04
   83.0  2.309E+10  1.622E+14  4.210E+13  1.151E+09  9.864E+07  9.865E+04
   84.0  3.891E+10  1.396E+14  3.612E+13  9.990E+08  1.069E+08  1.082E+05
   85.0  6.217E+10  1.199E+14  3.093E+13  8.670E+08  1.061E+08  1.186E+05
   86.0  9.431E+10  1.028E+14  2.644E+13  7.524E+08  9.974E+07  1.299E+05
   87.0  1.361E+11  8.800E+13  2.254E+13  6.530E+08  9.076E+07  1.419E+05
   88.0  1.873E+11  7.516E+13  1.918E+13  5.668E+08  8.101E+07  1.549E+05
   89.0  2.464E+11  6.406E+13  1.627E+13  4.923E+08  7.153E+07  1.687E+05
   90.0  3.108E+11  5.448E+13  1.377E+13  4.280E+08  6.283E+07  1.833E+05
   91.0  3.769E+11  4.622E+13  1.162E+13  3.726E+08  5.510E+07  1.989E+05
   92.0  4.408E+11  3.911E+13  9.776E+12  3.248E+08  4.833E+07  2.154E+05
   93.0  4.984E+11  3.300E+13  8.194E+12  2.836E+08  4.248E+07  2.326E+05
   94.0  5.464E+11  2.775E+13  6.843E+12  2.483E+08  3.745E+07  2.506E+05
   95.0  5.822E+11  2.327E+13  5.691E+12  2.179E+08  3.314E+07  2.693E+05
   96.0  6.047E+11  1.945E+13  4.714E+12  1.919E+08  2.945E+07  2.888E+05
   97.0  6.137E+11  1.620E+13  3.889E+12  1.697E+08  2.629E+07  3.090E+05
   98.0  6.103E+11  1.346E+13  3.195E+12  1.508E+08  2.358E+07  3.301E+05
   99.0  5.959E+11  1.114E+13  2.615E+12  1.347E+08  2.124E+07  3.521E+05
  100.0  5.727E+11  9.205E+12  2.132E+12  1.210E+08  1.921E+07  3.751E+05
  101.0  5.428E+11  7.587E+12  1.732E+12  1.093E+08  1.744E+07  3.993E+05
  102.0  5.086E+11  6.244E+12  1.404E+12  9.937E+07  1.588E+07  4.251E+05
  103.0  4.721E+11  5.135E+12  1.135E+12  9.092E+07  1.451E+07  4.528E+05
  104.0  4.349E+11  4.224E+12  9.170E+11  8.372E+07  1.329E+07  4.828E+05
  105.0  3.983E+11  3.476E+12  7.405E+11  7.756E+07  1.220E+07  5.155E+05
  106.0  3.631E+11  2.865E+12  5.982E+11  7.226E+07  1.121E+07  5.513E+05
  107.0  3.297E+11  2.366E+12  4.836E+11  6.766E+07  1.032E+07  5.906E+05
  108.0  2.987E+11  1.958E+12  3.915E+11  6.365E+07  9.508E+06  6.336E+05
  109.0  2.700E+11  1.624E+12  3.176E+11  6.010E+07  8.762E+06  6.807E+05
  110.0  2.437E+11  1.352E+12  2.583E+11  5.694E+07  8.076E+06  7.322E+05
  111.0  2.198E+11  1.129E+12  2.107E+11  5.410E+07  7.442E+06  7.884E+05
  112.0  1.982E+11  9.460E+11  1.724E+11  5.152E+07  6.857E+06  8.496E+05
  113.0  1.786E+11  7.957E+11  1.416E+11  4.915E+07  6.315E+06  9.161E+05
  114.0  1.611E+11  6.719E+11  1.167E+11  4.696E+07  5.814E+06  9.883E+05
  115.0  1.453E+11  5.698E+11  9.663E+10  4.492E+07  5.351E+06  1.067E+06
  116.0  1.312E+11  4.853E+11  8.036E+10  4.302E+07  4.923E+06  1.151E+06
  117.0  1.187E+11  4.152E+11  6.716E+10  4.124E+07  4.528E+06  1.243E+06
  118.0  1.075E+11  3.570E+11  5.641E+10  3.958E+07  4.166E+06  1.344E+06
  119.0  9.764E+10  3.086E+11  4.765E+10  3.802E+07  3.834E+06  1.453E+06
  120.0  8.892E+10  2.682E+11  4.049E+10  3.658E+07  3.532E+06  1.573E+06
  121.0  8.127E+10  2.345E+11  3.463E+10  3.525E+07  3.257E+06  1.705E+06
  122.0  7.460E+10  2.064E+11  2.982E+10  3.405E+07  3.010E+06  1.853E+06
  123.0  6.883E+10  1.830E+11  2.588E+10  3.297E+07  2.788E+06  2.019E+06
  124.0  6.393E+10  1.636E+11  2.265E+10  3.205E+07  2.591E+06  2.210E+06
  125.0  5.952E+10  1.469E+11  1.992E+10  3.118E+07  2.411E+06  2.418E+06
  126.0  5.556E+10  1.323E+11  1.759E+10  3.037E+07  2.245E+06  2.646E+06
  127.0  5.198E+10  1.197E+11  1.559E+10  2.961E+07  2.094E+06  2.894E+06
  128.0  4.874E+10  1.086E+11  1.388E+10  2.890E+07  1.954E+06  3.164E+06
  129.0  4.579E+10  9.886E+10  1.239E+10  2.822E+07  1.826E+06  3.456E+06
  130.0  4.310E+10  9.025E+10  1.110E+10  2.759E+07  1.708E+06  3.772E+06
  131.0  4.065E+10  8.260E+10  9.980E+09  2.699E+07  1.599E+06  4.112E+06
  132.0  3.839E+10  7.580E+10  8.997E+09  2.641E+07  1.498E+06  4.477E+06
  133.0  3.632E+10  6.971E+10  8.133E+09  2.587E+07  1.405E+06  4.868E+06
  134.0  3.441E+10  6.426E+10  7.371E+09  2.536E+07  1.319E+06  5.285E+06
  135.0  3.265E+10  5.935E+10  6.697E+09  2.487E+07  1.240E+06  5.729E+06
  136.0  3.102E+10  5.492E+10  6.100E+09  2.440E+07  1.166E+06  6.200E+06
  137.0  2.951E+10  5.091E+10  5.568E+09  2.395E+07  1.098E+06  6.698E+06
  138.0  2.810E+10  4.728E+10  5.093E+09  2.352E+07  1.035E+06  7.224E+06
  139.0  2.679E+10  4.397E+10  4.668E+09  2.311E+07  9.766E+05  7.777E+06
  140.0  2.557E+10  4.096E+10  4.287E+09  2.272E+07  9.222E+05  8.357E+06
  141.0  2.443E+10  3.821E+10  3.944E+09  2.235E+07  8.718E+05  8.963E+06
  142.0  2.336E+10  3.569E+10  3.635E+09  2.199E+07  8.250E+05  9.595E+06
  143.0  2.237E+10  3.338E+10  3.356E+09  2.165E+07  7.814E+05  1.025E+07
  144.0  2.143E+10  3.126E+10  3.103E+09  2.132E+07  7.410E+05  1.093E+07
  145.0  2.055E+10  2.931E+10  2.873E+09  2.100E+07  7.034E+05  1.164E+07
  146.0  1.972E+10  2.751E+10  2.664E+09  2.069E+07  6.683E+05  1.236E+07
  147.0  1.893E+10  2.584E+10  2.474E+09  2.040E+07  6.357E+05  1.311E+07
  148.0  1.820E+10  2.430E+10  2.301E+09  2.011E+07  6.054E+05  1.387E+07
  149.0  1.750E+10  2.288E+10  2.142E+09  1.984E+07  5.771E+05  1.465E+07
  150.0  1.684E+10  2.156E+10  1.997E+09  1.957E+07  5.507E+05  1.544E+07
  151.0  1.622E+10  2.033E+10  1.863E+09  1.932E+07  5.261E+05  1.625E+07
  152.0  1.563E+10  1.918E+10  1.741E+09  1.907E+07  5.031E+05  1.706E+07
  153.0  1.507E+10  1.812E+10  1.628E+09  1.884E+07  4.816E+05  1.788E+07
  154.0  1.453E+10  1.713E+10  1.524E+09  1.860E+07  4.616E+05  1.871E+07
  155.0  1.403E+10  1.620E+10  1.428E+09  1.838E+07  4.428E+05  1.954E+07
  156.0  1.355E+10  1.534E+10  1.339E+09  1.817E+07  4.253E+05  2.038E+07
  157.0  1.309E+10  1.453E+10  1.257E+09  1.796E+07  4.088E+05  2.121E+07
  158.0  1.265E+10  1.377E+10  1.181E+09  1.775E+07  3.935E+05  2.203E+07
  159.0  1.223E+10  1.306E+10  1.110E+09  1.755E+07  3.791E+05  2.285E+07
  160.0  1.183E+10  1.239E+10  1.044E+09  1.736E+07  3.655E+05  2.366E+07
  161.0  1.145E+10  1.176E+10  9.834E+08  1.718E+07  3.529E+05  2.446E+07
  162.0  1.109E+10  1.117E+10  9.266E+08  1.700E+07  3.410E+05  2.524E+07
  163.0  1.074E+10  1.062E+10  8.737E+08  1.682E+07  3.298E+05  2.601E+07
  164.0  1.041E+10  1.010E+10  8.243E+08  1.665E+07  3.193E+05  2.676E+07
  165.0  1.009E+10  9.609E+09  7.782E+08  1.648E+07  3.094E+05  2.749E+07
  166.0  9.786E+09  9.147E+09  7.351E+08  1.632E+07  3.001E+05  2.820E+07
  167.0  9.492E+09  8.711E+09  6.947E+08  1.616E+07  2.914E+05  2.889E+07
  168.0  9.211E+09  8.299E+09  6.570E+08  1.600E+07  2.832E+05  2.955E+07
  169.0  8.940E+09  7.910E+09  6.216E+08  1.585E+07  2.754E+05  3.018E+07
  170.0  8.681E+09  7.543E+09  5.884E+08  1.571E+07  2.681E+05  3.079E+07
  171.0  8.431E+09  7.195E+09  5.573E+08  1.556E+07  2.612E+05  3.137E+07
  172.0  8.190E+09  6.866E+09  5.281E+08  1.542E+07  2.547E+05  3.192E+07
  173.0  7.959E+09  6.554E+09  5.006E+08  1.528E+07  2.485E+05  3.243E+07
  174.0  7.736E+09  6.259E+09  4.747E+08  1.515E+07  2.427E+05  3.292E+07
  175.0  7.522E+09  5.979E+09  4.504E+08  1.502E+07  2.372E+05  3.338E+07
  176.0  7.315E+09  5.713E+09  4.275E+08  1.489E+07  2.320E+05  3.380E+07
  177.0  7.115E+09  5.461E+09  4.059E+08  1.476E+07  2.271E+05  3.419E+07
  178.0  6.923E+09  5.221E+09  3.855E+08  1.464E+07  2.224E+05  3.455E+07
  179.0  6.737E+09  4.994E+09  3.663E+08  1.452E+07  2.180E+05  3.487E+07
  180.0  6.557E+09  4.778E+09  3.482E+08  1.440E+07  2.138E+05  3.516E+07
  181.0  6.384E+09  4.572E+09  3.311E+08  1.429E+07  2.098E+05  3.542E+07
  182.0  6.216E+09  4.376E+09  3.149E+08  1.417E+07  2.061E+05  3.565E+07
  183.0  6.055E+09  4.190E+09  2.996E+08  1.406E+07  2.025E+05  3.585E+07
  184.0  5.898E+09  4.013E+09  2.851E+08  1.395E+07  1.991E+05  3.601E+07
  185.0  5.746E+09  3.844E+09  2.715E+08  1.384E+07  1.959E+05  3.614E+07
  186.0  5.600E+09  3.683E+09  2.585E+08  1.374E+07  1.928E+05  3.625E+07
  187.0  5.458E+09  3.530E+09  2.462E+08  1.363E+07  1.899E+05  3.632E+07
  188.0  5.320E+09  3.384E+09  2.346E+08  1.353E+07  1.871E+05  3.637E+07
  189.0  5.187E+09  3.245E+09  2.236E+08  1.343E+07  1.844E+05  3.639E+07
  190.0  5.058E+09  3.112E+09  2.131E+08  1.333E+07  1.819E+05  3.638E+07
  191.0  4.933E+09  2.985E+09  2.032E+08  1.324E+07  1.795E+05  3.635E+07
  192.0  4.812E+09  2.863E+09  1.938E+08  1.314E+07  1.772E+05  3.629E+07
  193.0  4.694E+09  2.748E+09  1.849E+08  1.305E+07  1.751E+05  3.620E+07
  194.0  4.580E+09  2.637E+09  1.764E+08  1.295E+07  1.730E+05  3.610E+07
  195.0  4.469E+09  2.531E+09  1.683E+08  1.286E+07  1.710E+05  3.597E+07
  196.0  4.362E+09  2.430E+09  1.607E+08  1.277E+07  1.691E+05  3.582E+07
  197.0  4.257E+09  2.334E+09  1.534E+08  1.268E+07  1.673E+05  3.565E+07
  198.0  4.156E+09  2.241E+09  1.465E+08  1.260E+07  1.655E+05  3.547E+07
  199.0  4.058E+09  2.153E+09  1.399E+08  1.251E+07  1.639E+05  3.526E+07
  200.0  3.962E+09  2.068E+09  1.336E+08  1.243E+07  1.623E+05  3.504E+07
  201.0  3.869E+09  1.987E+09  1.276E+08  1.234E+07  1.608E+05  3.480E+07
  202.0  3.779E+09  1.910E+09  1.220E+08  1.226E+07  1.593E+05  3.455E+07
  203.0  3.691E+09  1.836E+09  1.166E+08  1.218E+07  1.579E+05  3.428E+07
  204.0  3.605E+09  1.764E+09  1.114E+08  1.210E+07  1.566E+05  3.400E+07
  205.0  3.522E+09  1.696E+09  1.065E+08  1.202E+07  1.553E+05  3.371E+07
  206.0  3.441E+09  1.631E+09  1.019E+08  1.194E+07  1.541E+05  3.341E+07
  207.0  3.362E+09  1.568E+09  9.740E+07  1.186E+07  1.529E+05  3.309E+07
  208.0  3.286E+09  1.508E+09  9.316E+07  1.179E+07  1.518E+05  3.277E+07
  209.0  3.211E+09  1.451E+09  8.911E+07  1.171E+07  1.507E+05  3.244E+07
  210.0  3.139E+09  1.396E+09  8.525E+07  1.164E+07  1.496E+05  3.210E+07
  211.0  3.068E+09  1.343E+09  8.157E+07  1.157E+07  1.486E+05  3.175E+07
  212.0  2.999E+09  1.292E+09  7.806E+07  1.150E+07  1.477E+05  3.140E+07
  213.0  2.932E+09  1.243E+09  7.471E+07  1.142E+07  1.467E+05  3.104E+07
  214.0  2.867E+09  1.197E+09  7.151E+07  1.135E+07  1.458E+05  3.068E+07
  215.0  2.803E+09  1.152E+09  6.846E+07  1.128E+07  1.450E+05  3.031E+07
  216.0  2.741E+09  1.109E+09  6.554E+07  1.122E+07  1.442E+05  2.994E+07
  217.0  2.680E+09  1.067E+09  6.276E+07  1.115E+07  1.434E+05  2.956E+07
  218.0  2.621E+09  1.028E+09  6.010E+07  1.108E+07  1.426E+05  2.919E+07
  219.0  2.564E+09  9.896E+08  5.756E+07  1.101E+07  1.418E+05  2.881E+07
  220.0  2.508E+09  9.529E+08  5.513E+07  1.095E+07  1.411E+05  2.842E+07
  221.0  2.453E+09  9.177E+08  5.281E+07  1.088E+07  1.404E+05  2.804E+07
  222.0  2.400E+09  8.839E+08  5.059E+07  1.082E+07  1.398E+05  2.766E+07
  223.0  2.348E+09  8.514E+08  4.847E+07  1.076E+07  1.391E+05  2.727E+07
  224.0  2.297E+09  8.201E+08  4.644E+07  1.069E+07  1.385E+05  2.689E+07
  225.0  2.248E+09  7.901E+08  4.451E+07  1.063E+07  1.379E+05  2.651E+07
  226.0  2.199E+09  7.612E+08  4.265E+07  1.057E+07  1.373E+05  2.612E+07
  227.0  2.152E+09  7.335E+08  4.088E+07  1.051E+07  1.367E+05  2.574E+07
  228.0  2.106E+09  7.068E+08  3.919E+07  1.045E+07  1.362E+05  2.536E+07
  229.0  2.061E+09  6.811E+08  3.756E+07  1.039E+07  1.357E+05  2.499E+07
  230.0  2.017E+09  6.564E+08  3.601E+07  1.033E+07  1.351E+05  2.461E+07
  231.0  1.974E+09  6.326E+08  3.453E+07  1.027E+07  1.346E+05  2.424E+07
  232.0  1.932E+09  6.098E+08  3.311E+07  1.021E+07  1.341E+05  2.386E+07
  233.0  1.892E+09  5.878E+08  3.175E+07  1.015E+07  1.337E+05  2.350E+07
  234.0  1.852E+09  5.666E+08  3.044E+07  1.010E+07  1.332E+05  2.313E+07
  235.0  1.813E+09  5.462E+08  2.920E+07  1.004E+07  1.328E+05  2.277E+07
  236.0  1.774E+09  5.266E+08  2.800E+07  9.984E+06  1.323E+05  2.241E+07
  237.0  1.737E+09  5.078E+08  2.686E+07  9.928E+06  1.319E+05  2.205E+07
  238.0  1.701E+09  4.896E+08  2.577E+07  9.873E+06  1.315E+05  2.170E+07
  239.0  1.665E+09  4.721E+08  2.472E+07  9.818E+06  1.311E+05  2.135E+07
  240.0  1.631E+09  4.553E+08  2.371E+07  9.764E+06  1.307E+05  2.101E+07
  241.0  1.597E+09  4.391E+08  2.275E+07  9.710E+06  1.303E+05  2.066E+07
  242.0  1.564E+09  4.235E+08  2.183E+07  9.657E+06  1.300E+05  2.033E+07
  243.0  1.531E+09  4.084E+08  2.095E+07  9.604E+06  1.296E+05  1.999E+07
  244.0  1.499E+09  3.940E+08  2.010E+07  9.552E+06  1.293E+05  1.966E+07
  245.0  1.468E+09  3.800E+08  1.929E+07  9.500E+06  1.289E+05  1.934E+07
  246.0  1.438E+09  3.666E+08  1.851E+07  9.448E+06  1.286E+05  1.902E+07
  247.0  1.409E+09  3.536E+08  1.777E+07  9.397E+06  1.283E+05  1.870E+07
  248.0  1.380E+09  3.412E+08  1.705E+07  9.346E+06  1.279E+05  1.839E+07
  249.0  1.351E+09  3.291E+08  1.637E+07  9.296E+06  1.276E+05  1.808E+07
  250.0  1.324E+09  3.176E+08  1.571E+07  9.246E+06  1.273E+05  1.777E+07
  251.0  1.296E+09  3.064E+08  1.509E+07  9.197E+06  1.270E+05  1.747E+07
  252.0  1.270E+09  2.957E+08  1.448E+07  9.148E+06  1.267E+05  1.718E+07
  253.0  1.244E+09  2.853E+08  1.390E+07  9.099E+06  1.264E+05  1.688E+07
  254.0  1.219E+09  2.753E+08  1.335E+07  9.050E+06  1.261E+05  1.660E+07
  255.0  1.194E+09  2.657E+08  1.282E+07  9.002E+06  1.259E+05  1.631E+07
  256.0  1.170E+09  2.564E+08  1.231E+07  8.955E+06  1.256E+05  1.603E+07
  257.0  1.146E+09  2.475E+08  1.182E+07  8.907E+06  1.253E+05  1.576E+07
  258.0  1.123E+09  2.388E+08  1.135E+07  8.860E+06  1.251E+05  1.549E+07
  259.0  1.100E+09  2.305E+08  1.090E+07  8.814E+06  1.248E+05  1.522E+07
  260.0  1.078E+09  2.225E+08  1.047E+07  8.768E+06  1.246E+05  1.496E+07
  261.0  1.056E+09  2.148E+08  1.005E+07  8.722E+06  1.243E+05  1.470E+07
  262.0  1.035E+09  2.073E+08  9.654E+06  8.676E+06  1.241E+05  1.445E+07
  263.0  1.014E+09  2.001E+08  9.272E+06  8.631E+06  1.238E+05  1.420E+07
  264.0  9.935E+08  1.932E+08  8.906E+06  8.586E+06  1.236E+05  1.395E+07
  265.0  9.735E+08  1.865E+08  8.555E+06  8.541E+06  1.234E+05  1.371E+07
  266.0  9.540E+08  1.801E+08  8.218E+06  8.497E+06  1.231E+05  1.347E+07
  267.0  9.349E+08  1.738E+08  7.894E+06  8.453E+06  1.229E+05  1.324E+07
  268.0  9.161E+08  1.678E+08  7.584E+06  8.409E+06  1.227E+05  1.301E+07
  269.0  8.978E+08  1.620E+08  7.286E+06  8.366E+06  1.225E+05  1.278E+07
  270.0  8.799E+08  1.565E+08  7.000E+06  8.323E+06  1.222E+05  1.256E+07
  271.0  8.623E+08  1.511E+08  6.725E+06  8.280E+06  1.220E+05  1.234E+07
  272.0  8.451E+08  1.459E+08  6.461E+06  8.237E+06  1.218E+05  1.213E+07
  273.0  8.283E+08  1.409E+08  6.208E+06  8.195E+06  1.216E+05  1.192E+07
  274.0  8.118E+08  1.360E+08  5.965E+06  8.153E+06  1.214E+05  1.171E+07
  275.0  7.957E+08  1.314E+08  5.732E+06  8.111E+06  1.212E+05  1.151E+07
  276.0  7.799E+08  1.269E+08  5.508E+06  8.070E+06  1.210E+05  1.131E+07
  277.0  7.644E+08  1.225E+08  5.293E+06  8.029E+06  1.208E+05  1.111E+07
  278.0  7.492E+08  1.183E+08  5.086E+06  7.988E+06  1.206E+05  1.091E+07
  279.0  7.344E+08  1.143E+08  4.888E+06  7.947E+06  1.204E+05  1.072E+07
  280.0  7.199E+08  1.104E+08  4.698E+06  7.907E+06  1.202E+05  1.054E+07
  281.0  7.056E+08  1.066E+08  4.515E+06  7.867E+06  1.200E+05  1.035E+07
  282.0  6.917E+08  1.030E+08  4.339E+06  7.827E+06  1.198E+05  1.017E+07
  283.0  6.780E+08  9.944E+07  4.170E+06  7.787E+06  1.196E+05  9.996E+06
  284.0  6.647E+08  9.605E+07  4.008E+06  7.748E+06  1.195E+05  9.822E+06
  285.0  6.516E+08  9.278E+07  3.853E+06  7.709E+06  1.193E+05  9.650E+06
  286.0  6.387E+08  8.962E+07  3.703E+06  7.670E+06  1.191E+05  9.482E+06
  287.0  6.262E+08  8.657E+07  3.560E+06  7.631E+06  1.189E+05  9.317E+06
  288.0  6.138E+08  8.363E+07  3.422E+06  7.593E+06  1.187E+05  9.155E+06
  289.0  6.018E+08  8.079E+07  3.289E+06  7.555E+06  1.186E+05  8.995E+06
  290.0  5.900E+08  7.805E+07  3.162E+06  7.517E+06  1.184E+05  8.838E+06
  291.0  5.784E+08  7.540E+07  3.040E+06  7.479E+06  1.182E+05  8.685E+06
  292.0  5.671E+08  7.284E+07  2.922E+06  7.442E+06  1.180E+05  8.533E+06
  293.0  5.560E+08  7.037E+07  2.809E+06  7.404E+06  1.179E+05  8.385E+06
  294.0  5.451E+08  6.799E+07  2.701E+06  7.367E+06  1.177E+05  8.239E+06
  295.0  5.344E+08  6.569E+07  2.597E+06  7.331E+06  1.175E+05  8.096E+06
  296.0  5.240E+08  6.347E+07  2.497E+06  7.294E+06  1.174E+05  7.955E+06
  297.0  5.137E+08  6.132E+07  2.400E+06  7.258E+06  1.172E+05  7.817E+06
  298.0  5.037E+08  5.925E+07  2.308E+06  7.222E+06  1.170E+05  7.681E+06
  299.0  4.939E+08  5.725E+07  2.219E+06  7.186E+06  1.169E+05  7.548E+06
  300.0  4.843E+08  5.531E+07  2.134E+06  7.150E+06  1.167E+05  7.412E+06
  301.0  4.748E+08  5.345E+07  2.052E+06  7.115E+06  1.165E+05  7.284E+06
  302.0  4.656E+08  5.165E+07  1.973E+06  7.079E+06  1.164E+05  7.158E+06
  303.0  4.565E+08  4.991E+07  1.897E+06  7.044E+06  1.162E+05  7.034E+06
  304.0  4.476E+08  4.823E+07  1.824E+06  7.009E+06  1.160E+05  6.912E+06
  305.0  4.389E+08  4.660E+07  1.754E+06  6.975E+06  1.159E+05  6.793E+06
  306.0  4.304E+08  4.504E+07  1.687E+06  6.940E+06  1.157E+05  6.675E+06
  307.0  4.220E+08  4.352E+07  1.622E+06  6.906E+06  1.156E+05  6.560E+06
  308.0  4.139E+08  4.206E+07  1.560E+06  6.872E+06  1.154E+05  6.447E+06
  309.0  4.058E+08  4.065E+07  1.500E+06  6.838E+06  1.153E+05  6.336E+06
  310.0  3.980E+08  3.928E+07  1.443E+06  6.804E+06  1.151E+05  6.226E+06
  311.0  3.903E+08  3.796E+07  1.388E+06  6.771E+06  1.149E+05  6.119E+06
  312.0  3.827E+08  3.669E+07  1.335E+06  6.738E+06  1.148E+05  6.014E+06
  313.0  3.753E+08  3.546E+07  1.284E+06  6.705E+06  1.146E+05  5.910E+06
  314.0  3.681E+08  3.427E+07  1.235E+06  6.672E+06  1.145E+05  5.809E+06
  315.0  3.609E+08  3.312E+07  1.188E+06  6.639E+06  1.143E+05  5.709E+06
  316.0  3.540E+08  3.202E+07  1.142E+06  6.606E+06  1.142E+05  5.611E+06
  317.0  3.471E+08  3.094E+07  1.099E+06  6.574E+06  1.140E+05  5.514E+06
  318.0  3.404E+08  2.991E+07  1.057E+06  6.542E+06  1.139E+05  5.420E+06
  319.0  3.339E+08  2.891E+07  1.017E+06  6.510E+06  1.137E+05  5.327E+06
  320.0  3.274E+08  2.794E+07  9.778E+05  6.478E+06  1.136E+05  5.235E+06
  321.0  3.211E+08  2.701E+07  9.406E+05  6.446E+06  1.134E+05  5.146E+06
  322.0  3.150E+08  2.611E+07  9.048E+05  6.415E+06  1.132E+05  5.057E+06
  323.0  3.089E+08  2.524E+07  8.704E+05  6.384E+06  1.131E+05  4.971E+06
  324.0  3.030E+08  2.440E+07  8.373E+05  6.352E+06  1.129E+05  4.886E+06
  325.0  2.971E+08  2.358E+07  8.054E+05  6.322E+06  1.128E+05  4.802E+06
  326.0  2.914E+08  2.280E+07  7.749E+05  6.291E+06  1.127E+05  4.720E+06
  327.0  2.858E+08  2.204E+07  7.454E+05  6.260E+06  1.125E+05  4.640E+06
  328.0  2.803E+08  2.130E+07  7.171E+05  6.230E+06  1.124E+05  4.561E+06
  329.0  2.750E+08  2.059E+07  6.899E+05  6.199E+06  1.122E+05  4.483E+06
  330.0  2.697E+08  1.991E+07  6.638E+05  6.169E+06  1.121E+05  4.406E+06
  331.0  2.645E+08  1.925E+07  6.386E+05  6.139E+06  1.119E+05  4.331E+06
  332.0  2.594E+08  1.861E+07  6.144E+05  6.110E+06  1.118E+05  4.258E+06
  333.0  2.545E+08  1.799E+07  5.911E+05  6.080E+06  1.117E+05  4.185E+06
  334.0  2.496E+08  1.739E+07  5.687E+05  6.051E+06  1.115E+05  4.114E+06
  335.0  2.448E+08  1.681E+07  5.472E+05  6.021E+06  1.114E+05  4.044E+06
  336.0  2.401E+08  1.626E+07  5.265E+05  5.992E+06  1.113E+05  3.976E+06
  337.0  2.356E+08  1.572E+07  5.066E+05  5.963E+06  1.111E+05  3.908E+06
  338.0  2.311E+08  1.520E+07  4.875E+05  5.934E+06  1.110E+05  3.842E+06
  339.0  2.266E+08  1.469E+07  4.690E+05  5.906E+06  1.108E+05  3.777E+06
  340.0  2.223E+08  1.421E+07  4.513E+05  5.877E+06  1.107E+05  3.713E+06
  341.0  2.181E+08  1.373E+07  4.343E+05  5.849E+06  1.106E+05  3.650E+06
  342.0  2.139E+08  1.328E+07  4.179E+05  5.821E+06  1.104E+05  3.588E+06
  343.0  2.098E+08  1.284E+07  4.021E+05  5.792E+06  1.103E+05  3.527E+06
  344.0  2.058E+08  1.242E+07  3.870E+05  5.765E+06  1.102E+05  3.468E+06
  345.0  2.019E+08  1.201E+07  3.724E+05  5.737E+06  1.100E+05  3.409E+06
  346.0  1.981E+08  1.161E+07  3.583E+05  5.709E+06  1.099E+05  3.352E+06
  347.0  1.943E+08  1.122E+07  3.448E+05  5.682E+06  1.098E+05  3.295E+06
  348.0  1.906E+08  1.085E+07  3.319E+05  5.654E+06  1.096E+05  3.240E+06
  349.0  1.870E+08  1.050E+07  3.194E+05  5.627E+06  1.095E+05  3.185E+06
  350.0  1.834E+08  1.015E+07  3.073E+05  5.600E+06  1.094E+05  3.131E+06
  351.0  1.799E+08  9.814E+06  2.958E+05  5.573E+06  1.092E+05  3.079E+06
  352.0  1.765E+08  9.491E+06  2.847E+05  5.546E+06  1.091E+05  3.027E+06
  353.0  1.732E+08  9.178E+06  2.740E+05  5.520E+06  1.090E+05  2.976E+06
  354.0  1.699E+08  8.875E+06  2.637E+05  5.493E+06  1.088E+05  2.926E+06
  355.0  1.666E+08  8.583E+06  2.538E+05  5.467E+06  1.087E+05  2.877E+06
  356.0  1.635E+08  8.300E+06  2.442E+05  5.441E+06  1.086E+05  2.828E+06
  357.0  1.604E+08  8.027E+06  2.351E+05  5.415E+06  1.084E+05  2.781E+06
  358.0  1.573E+08  7.763E+06  2.262E+05  5.389E+06  1.083E+05  2.734E+06
  359.0  1.544E+08  7.507E+06  2.178E+05  5.363E+06  1.082E+05  2.689E+06
  360.0  1.514E+08  7.260E+06  2.096E+05  5.337E+06  1.080E+05  2.643E+06
  361.0  1.486E+08  7.022E+06  2.017E+05  5.312E+06  1.079E+05  2.599E+06
  362.0  1.458E+08  6.791E+06  1.942E+05  5.287E+06  1.078E+05  2.556E+06
  363.0  1.430E+08  6.568E+06  1.869E+05  5.261E+06  1.076E+05  2.513E+06
  364.0  1.403E+08  6.352E+06  1.799E+05  5.236E+06  1.075E+05  2.471E+06
  365.0  1.376E+08  6.144E+06  1.732E+05  5.211E+06  1.074E+05  2.430E+06
  366.0  1.350E+08  5.942E+06  1.667E+05  5.186E+06  1.072E+05  2.389E+06
  367.0  1.325E+08  5.747E+06  1.605E+05  5.162E+06  1.071E+05  2.349E+06
  368.0  1.300E+08  5.559E+06  1.545E+05  5.137E+06  1.070E+05  2.310E+06
  369.0  1.275E+08  5.376E+06  1.487E+05  5.113E+06  1.069E+05  2.271E+06
  370.0  1.251E+08  5.200E+06  1.431E+05  5.088E+06  1.067E+05  2.234E+06
  371.0  1.228E+08  5.030E+06  1.378E+05  5.064E+06  1.066E+05  2.196E+06
  372.0  1.204E+08  4.865E+06  1.326E+05  5.040E+06  1.065E+05  2.160E+06
  373.0  1.182E+08  4.706E+06  1.277E+05  5.016E+06  1.063E+05  2.124E+06
  374.0  1.160E+08  4.552E+06  1.229E+05  4.992E+06  1.062E+05  2.089E+06
  375.0  1.138E+08  4.403E+06  1.183E+05  4.968E+06  1.061E+05  2.054E+06
  376.0  1.116E+08  4.259E+06  1.139E+05  4.945E+06  1.060E+05  2.020E+06
  377.0  1.095E+08  4.119E+06  1.097E+05  4.921E+06  1.058E+05  1.986E+06
  378.0  1.075E+08  3.985E+06  1.056E+05  4.898E+06  1.057E+05  1.953E+06
  379.0  1.054E+08  3.855E+06  1.017E+05  4.875E+06  1.056E+05  1.921E+06
  380.0  1.035E+08  3.729E+06  9.787E+04  4.852E+06  1.055E+05  1.889E+06
  381.0  1.015E+08  3.607E+06  9.423E+04  4.829E+06  1.053E+05  1.858E+06
  382.0  9.960E+07  3.489E+06  9.072E+04  4.806E+06  1.052E+05  1.827E+06
  383.0  9.773E+07  3.375E+06  8.734E+04  4.783E+06  1.051E+05  1.797E+06
  384.0  9.590E+07  3.265E+06  8.409E+04  4.760E+06  1.049E+05  1.767E+06
  385.0  9.410E+07  3.159E+06  8.097E+04  4.738E+06  1.048E+05  1.738E+06
  386.0  9.233E+07  3.056E+06  7.796E+04  4.715E+06  1.047E+05  1.709E+06
  387.0  9.060E+07  2.956E+06  7.506E+04  4.693E+06  1.046E+05  1.681E+06
  388.0  8.890E+07  2.860E+06  7.227E+04  4.671E+06  1.044E+05  1.653E+06
  389.0  8.723E+07  2.767E+06  6.959E+04  4.649E+06  1.043E+05  1.625E+06
  390.0  8.560E+07  2.677E+06  6.701E+04  4.627E+06  1.042E+05  1.599E+06
  391.0  8.399E+07  2.589E+06  6.452E+04  4.605E+06  1.041E+05  1.572E+06
  392.0  8.242E+07  2.505E+06  6.213E+04  4.583E+06  1.040E+05  1.546E+06
  393.0  8.088E+07  2.424E+06  5.982E+04  4.561E+06  1.038E+05  1.521E+06
  394.0  7.936E+07  2.345E+06  5.760E+04  4.540E+06  1.037E+05  1.496E+06
  395.0  7.788E+07  2.269E+06  5.547E+04  4.519E+06  1.036E+05  1.471E+06
  396.0  7.642E+07  2.195E+06  5.341E+04  4.497E+06  1.035E+05  1.447E+06
  397.0  7.499E+07  2.124E+06  5.143E+04  4.476E+06  1.033E+05  1.423E+06
  398.0  7.359E+07  2.055E+06  4.953E+04  4.455E+06  1.032E+05  1.400E+06
  399.0  7.221E+07  1.988E+06  4.770E+04  4.434E+06  1.031E+05  1.377E+06
  400.0  7.086E+07  1.923E+06  4.593E+04  4.413E+06  1.030E+05  1.354E+06
  401.0  6.954E+07  1.861E+06  4.423E+04  4.392E+06  1.028E+05  1.332E+06
  402.0  6.824E+07  1.801E+06  4.260E+04  4.372E+06  1.027E+05  1.310E+06
  403.0  6.697E+07  1.742E+06  4.102E+04  4.351E+06  1.026E+05  1.288E+06
  404.0  6.572E+07  1.686E+06  3.951E+04  4.331E+06  1.025E+05  1.267E+06
  405.0  6.449E+07  1.631E+06  3.805E+04  4.310E+06  1.024E+05  1.246E+06
  406.0  6.329E+07  1.578E+06  3.664E+04  4.290E+06  1.022E+05  1.226E+06
  407.0  6.211E+07  1.527E+06  3.529E+04  4.270E+06  1.021E+05  1.206E+06
  408.0  6.095E+07  1.478E+06  3.398E+04  4.250E+06  1.020E+05  1.186E+06
  409.0  5.982E+07  1.430E+06  3.273E+04  4.230E+06  1.019E+05  1.167E+06
  410.0  5.870E+07  1.384E+06  3.152E+04  4.210E+06  1.018E+05  1.148E+06
  411.0  5.761E+07  1.339E+06  3.036E+04  4.190E+06  1.016E+05  1.129E+06
  412.0  5.654E+07  1.296E+06  2.924E+04  4.171E+06  1.015E+05  1.110E+06
  413.0  5.549E+07  1.254E+06  2.816E+04  4.151E+06  1.014E+05  1.092E+06
  414.0  5.445E+07  1.213E+06  2.713E+04  4.132E+06  1.013E+05  1.074E+06
  415.0  5.344E+07  1.174E+06  2.613E+04  4.112E+06  1.012E+05  1.057E+06
  416.0  5.245E+07  1.136E+06  2.516E+04  4.093E+06  1.010E+05  1.039E+06
  417.0  5.147E+07  1.099E+06  2.424E+04  4.074E+06  1.009E+05  1.022E+06
  418.0  5.052E+07  1.064E+06  2.335E+04  4.055E+06  1.008E+05  1.006E+06
  419.0  4.958E+07  1.030E+06  2.249E+04  4.036E+06  1.007E+05  9.893E+05
  420.0  4.866E+07  9.964E+05  2.166E+04  4.017E+06  1.006E+05  9.732E+05
  421.0  4.776E+07  9.643E+05  2.086E+04  3.998E+06  1.004E+05  9.573E+05
  422.0  4.687E+07  9.332E+05  2.010E+04  3.979E+06  1.003E+05  9.417E+05
  423.0  4.600E+07  9.031E+05  1.936E+04  3.961E+06  1.002E+05  9.264E+05
  424.0  4.515E+07  8.740E+05  1.865E+04  3.942E+06  1.001E+05  9.113E+05
  425.0  4.431E+07  8.459E+05  1.796E+04  3.924E+06  9.998E+04  8.964E+05
  426.0  4.349E+07  8.186E+05  1.730E+04  3.906E+06  9.986E+04  8.818E+05
  427.0  4.268E+07  7.923E+05  1.667E+04  3.887E+06  9.974E+04  8.675E+05
  428.0  4.189E+07  7.668E+05  1.606E+04  3.869E+06  9.963E+04  8.534E+05
  429.0  4.112E+07  7.421E+05  1.547E+04  3.851E+06  9.951E+04  8.395E+05
  430.0  4.036E+07  7.182E+05  1.490E+04  3.833E+06  9.939E+04  8.259E+05
  431.0  3.961E+07  6.951E+05  1.435E+04  3.815E+06  9.928E+04  8.124E+05
  432.0  3.888E+07  6.728E+05  1.383E+04  3.798E+06  9.916E+04  7.992E+05
  433.0  3.816E+07  6.512E+05  1.332E+04  3.780E+06  9.904E+04  7.863E+05
  434.0  3.745E+07  6.303E+05  1.283E+04  3.762E+06  9.893E+04  7.735E+05
  435.0  3.676E+07  6.100E+05  1.236E+04  3.745E+06  9.881E+04  7.610E+05
  436.0  3.608E+07  5.904E+05  1.191E+04  3.727E+06  9.870E+04  7.486E+05
  437.0  3.541E+07  5.715E+05  1.148E+04  3.710E+06  9.858E+04  7.365E+05
  438.0  3.476E+07  5.532E+05  1.106E+04  3.693E+06  9.847E+04  7.245E+05
  439.0  3.412E+07  5.354E+05  1.065E+04  3.676E+06  9.835E+04  7.128E+05
  440.0  3.349E+07  5.183E+05  1.026E+04  3.659E+06  9.824E+04  7.013E+05
  441.0  3.287E+07  5.016E+05  9.887E+03  3.642E+06  9.812E+04  6.899E+05
  442.0  3.227E+07  4.856E+05  9.526E+03  3.625E+06  9.801E+04  6.787E+05
  443.0  3.167E+07  4.700E+05  9.178E+03  3.608E+06  9.789E+04  6.678E+05
  444.0  3.109E+07  4.550E+05  8.842E+03  3.591E+06  9.778E+04  6.570E+05
  445.0  3.051E+07  4.404E+05  8.520E+03  3.574E+06  9.767E+04  6.463E+05
  446.0  2.995E+07  4.263E+05  8.209E+03  3.558E+06  9.755E+04  6.359E+05
  447.0  2.940E+07  4.127E+05  7.909E+03  3.541E+06  9.744E+04  6.256E+05
  448.0  2.886E+07  3.995E+05  7.621E+03  3.525E+06  9.733E+04  6.155E+05
  449.0  2.833E+07  3.867E+05  7.343E+03  3.509E+06  9.721E+04  6.056E+05
  450.0  2.781E+07  3.743E+05  7.075E+03  3.492E+06  9.710E+04  5.958E+05
  451.0  2.730E+07  3.624E+05  6.817E+03  3.476E+06  9.699E+04  5.855E+05
  452.0  2.679E+07  3.508E+05  6.569E+03  3.460E+06  9.687E+04  5.761E+05
  453.0  2.630E+07  3.396E+05  6.330E+03  3.444E+06  9.676E+04  5.668E+05
  454.0  2.582E+07  3.287E+05  6.099E+03  3.428E+06  9.665E+04  5.577E+05
  455.0  2.534E+07  3.182E+05  5.877E+03  3.412E+06  9.654E+04  5.487E+05
  456.0  2.488E+07  3.081E+05  5.664E+03  3.396E+06  9.643E+04  5.399E+05
  457.0  2.442E+07  2.983E+05  5.457E+03  3.381E+06  9.631E+04  5.312E+05
  458.0  2.397E+07  2.887E+05  5.259E+03  3.365E+06  9.620E+04  5.227E+05
  459.0  2.353E+07  2.795E+05  5.068E+03  3.350E+06  9.609E+04  5.143E+05
  460.0  2.310E+07  2.706E+05  4.884E+03  3.334E+06  9.598E+04  5.060E+05
  461.0  2.268E+07  2.620E+05  4.706E+03  3.319E+06  9.587E+04  4.979E+05
  462.0  2.226E+07  2.537E+05  4.535E+03  3.303E+06  9.576E+04  4.899E+05
  463.0  2.185E+07  2.456E+05  4.371E+03  3.288E+06  9.565E+04  4.820E+05
  464.0  2.145E+07  2.378E+05  4.212E+03  3.273E+06  9.554E+04  4.743E+05
  465.0  2.106E+07  2.302E+05  4.059E+03  3.258E+06  9.543E+04  4.667E+05
  466.0  2.068E+07  2.229E+05  3.912E+03  3.243E+06  9.532E+04  4.592E+05
  467.0  2.030E+07  2.158E+05  3.770E+03  3.228E+06  9.521E+04  4.518E+05
  468.0  1.993E+07  2.089E+05  3.633E+03  3.213E+06  9.510E+04  4.446E+05
  469.0  1.956E+07  2.023E+05  3.502E+03  3.198E+06  9.499E+04  4.375E+05
  470.0  1.920E+07  1.958E+05  3.375E+03  3.184E+06  9.488E+04  4.305E+05
  471.0  1.885E+07  1.896E+05  3.252E+03  3.169E+06  9.477E+04  4.236E+05
  472.0  1.851E+07  1.836E+05  3.135E+03  3.154E+06  9.466E+04  4.168E+05
  473.0  1.817E+07  1.778E+05  3.021E+03  3.140E+06  9.455E+04  4.101E+05
  474.0  1.784E+07  1.721E+05  2.912E+03  3.125E+06  9.444E+04  4.035E+05
  475.0  1.751E+07  1.667E+05  2.806E+03  3.111E+06  9.433E+04  3.971E+05
  476.0  1.719E+07  1.614E+05  2.705E+03  3.097E+06  9.422E+04  3.907E+05
  477.0  1.688E+07  1.563E+05  2.607E+03  3.082E+06  9.411E+04  3.845E+05
  478.0  1.657E+07  1.513E+05  2.513E+03  3.068E+06  9.400E+04  3.783E+05
  479.0  1.627E+07  1.465E+05  2.422E+03  3.054E+06  9.390E+04  3.723E+05
  480.0  1.597E+07  1.419E+05  2.334E+03  3.040E+06  9.379E+04  3.664E+05
  481.0  1.568E+07  1.374E+05  2.250E+03  3.026E+06  9.368E+04  3.605E+05
  482.0  1.540E+07  1.330E+05  2.169E+03  3.012E+06  9.357E+04  3.547E+05
  483.0  1.511E+07  1.288E+05  2.091E+03  2.999E+06  9.347E+04  3.491E+05
  484.0  1.484E+07  1.247E+05  2.015E+03  2.985E+06  9.336E+04  3.435E+05
  485.0  1.457E+07  1.208E+05  1.942E+03  2.971E+06  9.325E+04  3.380E+05
  486.0  1.430E+07  1.170E+05  1.872E+03  2.958E+06  9.314E+04  3.326E+05
  487.0  1.404E+07  1.133E+05  1.805E+03  2.944E+06  9.304E+04  3.273E+05
  488.0  1.379E+07  1.097E+05  1.740E+03  2.930E+06  9.293E+04  3.221E+05
  489.0  1.354E+07  1.062E+05  1.677E+03  2.917E+06  9.282E+04  3.170E+05
  490.0  1.329E+07  1.029E+05  1.617E+03  2.904E+06  9.272E+04  3.120E+05
  491.0  1.305E+07  9.961E+04  1.558E+03  2.890E+06  9.261E+04  3.070E+05
  492.0  1.281E+07  9.647E+04  1.502E+03  2.877E+06  9.250E+04  3.021E+05
  493.0  1.258E+07  9.342E+04  1.448E+03  2.864E+06  9.240E+04  2.973E+05
  494.0  1.235E+07  9.047E+04  1.396E+03  2.851E+06  9.229E+04  2.926E+05
  495.0  1.213E+07  8.762E+04  1.346E+03  2.838E+06  9.219E+04  2.879E+05
  496.0  1.191E+07  8.486E+04  1.297E+03  2.825E+06  9.208E+04  2.833E+05
  497.0  1.169E+07  8.218E+04  1.251E+03  2.812E+06  9.198E+04  2.788E+05
  498.0  1.148E+07  7.959E+04  1.206E+03  2.799E+06  9.187E+04  2.744E+05
  499.0  1.127E+07  7.708E+04  1.163E+03  2.786E+06  9.177E+04  2.700E+05
  500.0  1.107E+07  7.465E+04  1.121E+03  2.774E+06  9.166E+04  2.658E+05
  501.0  1.087E+07  7.230E+04  1.081E+03  2.761E+06  9.156E+04  2.615E+05
  502.0  1.067E+07  7.002E+04  1.042E+03  2.748E+06  9.145E+04  2.574E+05
  503.0  1.048E+07  6.782E+04  1.004E+03  2.736E+06  9.135E+04  2.533E+05
  504.0  1.029E+07  6.569E+04  9.683E+02  2.723E+06  9.124E+04  2.493E+05
  505.0  1.010E+07  6.362E+04  9.336E+02  2.711E+06  9.114E+04  2.453E+05
  506.0  9.918E+06  6.162E+04  9.001E+02  2.699E+06  9.103E+04  2.414E+05
  507.0  9.738E+06  5.968E+04  8.678E+02  2.686E+06  9.093E+04  2.376E+05
  508.0  9.562E+06  5.781E+04  8.367E+02  2.674E+06  9.083E+04  2.338E+05
  509.0  9.389E+06  5.599E+04  8.067E+02  2.662E+06  9.072E+04  2.301E+05
  510.0  9.220E+06  5.423E+04  7.778E+02  2.650E+06  9.062E+04  2.265E+05
  511.0  9.053E+06  5.253E+04  7.500E+02  2.638E+06  9.052E+04  2.229E+05
  512.0  8.889E+06  5.088E+04  7.231E+02  2.626E+06  9.041E+04  2.194E+05
  513.0  8.729E+06  4.928E+04  6.972E+02  2.614E+06  9.031E+04  2.159E+05
  514.0  8.571E+06  4.773E+04  6.723E+02  2.602E+06  9.021E+04  2.125E+05
  515.0  8.417E+06  4.624E+04  6.483E+02  2.590E+06  9.011E+04  2.091E+05
  516.0  8.265E+06  4.479E+04  6.251E+02  2.578E+06  9.000E+04  2.058E+05
  517.0  8.116E+06  4.338E+04  6.027E+02  2.567E+06  8.990E+04  2.026E+05
  518.0  7.969E+06  4.202E+04  5.812E+02  2.555E+06  8.980E+04  1.994E+05
  519.0  7.826E+06  4.071E+04  5.604E+02  2.544E+06  8.970E+04  1.962E+05
  520.0  7.685E+06  3.943E+04  5.404E+02  2.532E+06  8.959E+04  1.931E+05
  521.0  7.546E+06  3.820E+04  5.211E+02  2.520E+06  8.949E+04  1.901E+05
  522.0  7.410E+06  3.700E+04  5.025E+02  2.509E+06  8.939E+04  1.871E+05
  523.0  7.277E+06  3.584E+04  4.846E+02  2.498E+06  8.929E+04  1.841E+05
  524.0  7.146E+06  3.472E+04  4.673E+02  2.486E+06  8.919E+04  1.812E+05
  525.0  7.017E+06  3.364E+04  4.506E+02  2.475E+06  8.909E+04  1.784E+05
  526.0  6.891E+06  3.258E+04  4.345E+02  2.464E+06  8.899E+04  1.756E+05
  527.0  6.767E+06  3.157E+04  4.191E+02  2.453E+06  8.888E+04  1.728E+05
  528.0  6.645E+06  3.058E+04  4.041E+02  2.442E+06  8.878E+04  1.701E+05
  529.0  6.526E+06  2.962E+04  3.897E+02  2.431E+06  8.868E+04  1.674E+05
  530.0  6.409E+06  2.870E+04  3.758E+02  2.420E+06  8.858E+04  1.648E+05
  531.0  6.294E+06  2.780E+04  3.625E+02  2.409E+06  8.848E+04  1.622E+05
  532.0  6.181E+06  2.693E+04  3.496E+02  2.398E+06  8.838E+04  1.596E+05
  533.0  6.070E+06  2.609E+04  3.371E+02  2.387E+06  8.828E+04  1.571E+05
  534.0  5.961E+06  2.528E+04  3.251E+02  2.376E+06  8.818E+04  1.546E+05
  535.0  5.854E+06  2.449E+04  3.136E+02  2.365E+06  8.808E+04  1.522E+05
  536.0  5.749E+06  2.373E+04  3.024E+02  2.355E+06  8.798E+04  1.498E+05
  537.0  5.646E+06  2.299E+04  2.917E+02  2.344E+06  8.788E+04  1.475E+05
  538.0  5.544E+06  2.227E+04  2.813E+02  2.334E+06  8.778E+04  1.452E+05
  539.0  5.445E+06  2.158E+04  2.713E+02  2.323E+06  8.769E+04  1.429E+05
  540.0  5.347E+06  2.091E+04  2.617E+02  2.313E+06  8.759E+04  1.406E+05
  541.0  5.252E+06  2.025E+04  2.524E+02  2.302E+06  8.749E+04  1.384E+05
  542.0  5.158E+06  1.962E+04  2.434E+02  2.292E+06  8.739E+04  1.363E+05
  543.0  5.065E+06  1.901E+04  2.348E+02  2.281E+06  8.729E+04  1.341E+05
  544.0  4.975E+06  1.842E+04  2.265E+02  2.271E+06  8.719E+04  1.320E+05
  545.0  4.886E+06  1.785E+04  2.184E+02  2.261E+06  8.709E+04  1.299E+05
  546.0  4.798E+06  1.729E+04  2.107E+02  2.251E+06  8.699E+04  1.279E+05
  547.0  4.712E+06  1.676E+04  2.032E+02  2.241E+06  8.690E+04  1.259E+05
  548.0  4.628E+06  1.624E+04  1.960E+02  2.231E+06  8.680E+04  1.239E+05
  549.0  4.545E+06  1.573E+04  1.891E+02  2.220E+06  8.670E+04  1.220E+05
  550.0  4.464E+06  1.524E+04  1.824E+02  2.210E+06  8.660E+04  1.201E+05
  551.0  4.384E+06  1.477E+04  1.759E+02  2.201E+06  8.651E+04  1.182E+05
  552.0  4.306E+06  1.431E+04  1.697E+02  2.191E+06  8.641E+04  1.164E+05
  553.0  4.229E+06  1.387E+04  1.637E+02  2.181E+06  8.631E+04  1.145E+05
  554.0  4.154E+06  1.344E+04  1.579E+02  2.171E+06  8.621E+04  1.127E+05
  555.0  4.080E+06  1.302E+04  1.523E+02  2.161E+06  8.612E+04  1.110E+05
  556.0  4.007E+06  1.262E+04  1.469E+02  2.152E+06  8.602E+04  1.092E+05
  557.0  3.936E+06  1.223E+04  1.417E+02  2.142E+06  8.592E+04  1.075E+05
  558.0  3.865E+06  1.185E+04  1.367E+02  2.132E+06  8.583E+04  1.059E+05
  559.0  3.797E+06  1.148E+04  1.319E+02  2.123E+06  8.573E+04  1.042E+05
  560.0  3.729E+06  1.112E+04  1.272E+02  2.113E+06  8.563E+04  1.026E+05
  561.0  3.662E+06  1.078E+04  1.228E+02  2.104E+06  8.554E+04  1.010E+05
  562.0  3.597E+06  1.045E+04  1.184E+02  2.094E+06  8.544E+04  9.941E+04
  563.0  3.533E+06  1.012E+04  1.142E+02  2.085E+06  8.535E+04  9.786E+04
  564.0  3.470E+06  9.810E+03  1.102E+02  2.076E+06  8.525E+04  9.633E+04
  565.0  3.409E+06  9.507E+03  1.063E+02  2.066E+06  8.515E+04  9.483E+04
  566.0  3.348E+06  9.213E+03  1.026E+02  2.057E+06  8.506E+04  9.336E+04
  567.0  3.288E+06  8.928E+03  9.896E+01  2.048E+06  8.496E+04  9.190E+04
  568.0  3.230E+06  8.652E+03  9.548E+01  2.039E+06  8.487E+04  9.047E+04
  569.0  3.173E+06  8.385E+03  9.211E+01  2.030E+06  8.477E+04  8.906E+04
  570.0  3.116E+06  8.126E+03  8.887E+01  2.021E+06  8.468E+04  8.768E+04
  571.0  3.061E+06  7.875E+03  8.574E+01  2.011E+06  8.458E+04  8.631E+04
  572.0  3.007E+06  7.632E+03  8.272E+01  2.002E+06  8.449E+04  8.497E+04
  573.0  2.953E+06  7.397E+03  7.981E+01  1.994E+06  8.439E+04  8.365E+04
  574.0  2.901E+06  7.168E+03  7.701E+01  1.985E+06  8.430E+04  8.235E+04
  575.0  2.849E+06  6.947E+03  7.430E+01  1.976E+06  8.421E+04  8.107E+04
  576.0  2.799E+06  6.733E+03  7.169E+01  1.967E+06  8.411E+04  7.981E+04
  577.0  2.749E+06  6.526E+03  6.917E+01  1.958E+06  8.402E+04  7.857E+04
  578.0  2.700E+06  6.325E+03  6.674E+01  1.949E+06  8.392E+04  7.735E+04
  579.0  2.653E+06  6.130E+03  6.439E+01  1.941E+06  8.383E+04  7.615E+04
  580.0  2.606E+06  5.941E+03  6.213E+01  1.932E+06  8.374E+04  7.497E+04
  581.0  2.560E+06  5.758E+03  5.995E+01  1.923E+06  8.364E+04  7.381E+04
  582.0  2.514E+06  5.581E+03  5.785E+01  1.915E+06  8.355E+04  7.266E+04
  583.0  2.470E+06  5.409E+03  5.582E+01  1.906E+06  8.346E+04  7.153E+04
  584.0  2.426E+06  5.243E+03  5.386E+01  1.898E+06  8.336E+04  7.043E+04
  585.0  2.383E+06  5.082E+03  5.197E+01  1.889E+06  8.327E+04  6.933E+04
  586.0  2.341E+06  4.926E+03  5.015E+01  1.881E+06  8.318E+04  6.826E+04
  587.0  2.300E+06  4.774E+03  4.839E+01  1.873E+06  8.309E+04  6.720E+04
  588.0  2.259E+06  4.628E+03  4.670E+01  1.864E+06  8.299E+04  6.616E+04
  589.0  2.219E+06  4.485E+03  4.506E+01  1.856E+06  8.290E+04  6.514E+04
  590.0  2.180E+06  4.348E+03  4.348E+01  1.848E+06  8.281E+04  6.413E+04
  591.0  2.141E+06  4.214E+03  4.196E+01  1.840E+06  8.272E+04  6.314E+04
  592.0  2.104E+06  4.085E+03  4.049E+01  1.831E+06  8.262E+04  6.216E+04
  593.0  2.066E+06  3.960E+03  3.908E+01  1.823E+06  8.253E+04  6.120E+04
  594.0  2.030E+06  3.838E+03  3.771E+01  1.815E+06  8.244E+04  6.026E+04
  595.0  1.994E+06  3.720E+03  3.639E+01  1.807E+06  8.235E+04  5.933E+04
  596.0  1.959E+06  3.606E+03  3.512E+01  1.799E+06  8.226E+04  5.841E+04
  597.0  1.924E+06  3.496E+03  3.389E+01  1.791E+06  8.217E+04  5.751E+04
  598.0  1.891E+06  3.389E+03  3.271E+01  1.783E+06  8.207E+04  5.662E+04
  599.0  1.857E+06  3.285E+03  3.157E+01  1.775E+06  8.198E+04  5.575E+04
  600.0  1.825E+06  3.184E+03  3.046E+01  1.767E+06  8.189E+04  5.489E+04
  601.0  1.792E+06  3.087E+03  2.940E+01  1.760E+06  8.180E+04  5.404E+04
  602.0  1.761E+06  2.993E+03  2.838E+01  1.752E+06  8.171E+04  5.321E+04
  603.0  1.730E+06  2.901E+03  2.739E+01  1.744E+06  8.162E+04  5.239E+04
  604.0  1.699E+06  2.812E+03  2.643E+01  1.736E+06  8.153E+04  5.158E+04
  605.0  1.670E+06  2.726E+03  2.551E+01  1.729E+06  8.144E+04  5.078E+04
  606.0  1.640E+06  2.643E+03  2.462E+01  1.721E+06  8.135E+04  5.000E+04
  607.0  1.611E+06  2.562E+03  2.376E+01  1.713E+06  8.126E+04  4.923E+04
  608.0  1.583E+06  2.484E+03  2.293E+01  1.706E+06  8.117E+04  4.847E+04
  609.0  1.555E+06  2.408E+03  2.214E+01  1.698E+06  8.108E+04  4.773E+04
  610.0  1.528E+06  2.335E+03  2.136E+01  1.691E+06  8.099E+04  4.699E+04
  611.0  1.501E+06  2.263E+03  2.062E+01  1.683E+06  8.090E+04  4.627E+04
  612.0  1.475E+06  2.194E+03  1.990E+01  1.676E+06  8.081E+04  4.556E+04
  613.0  1.449E+06  2.127E+03  1.921E+01  1.668E+06  8.072E+04  4.486E+04
  614.0  1.423E+06  2.062E+03  1.854E+01  1.661E+06  8.063E+04  4.417E+04
  615.0  1.399E+06  2.000E+03  1.790E+01  1.654E+06  8.054E+04  4.349E+04
  616.0  1.374E+06  1.939E+03  1.728E+01  1.646E+06  8.045E+04  4.282E+04
  617.0  1.350E+06  1.880E+03  1.668E+01  1.639E+06  8.036E+04  4.217E+04
  618.0  1.326E+06  1.822E+03  1.610E+01  1.632E+06  8.028E+04  4.152E+04
  619.0  1.303E+06  1.767E+03  1.554E+01  1.625E+06  8.019E+04  4.088E+04
  620.0  1.280E+06  1.713E+03  1.500E+01  1.618E+06  8.010E+04  4.026E+04
  621.0  1.258E+06  1.661E+03  1.448E+01  1.610E+06  8.001E+04  3.964E+04
  622.0  1.236E+06  1.610E+03  1.398E+01  1.603E+06  7.992E+04  3.903E+04
  623.0  1.214E+06  1.561E+03  1.349E+01  1.596E+06  7.983E+04  3.843E+04
  624.0  1.193E+06  1.514E+03  1.302E+01  1.589E+06  7.975E+04  3.784E+04
  625.0  1.172E+06  1.468E+03  1.257E+01  1.582E+06  7.966E+04  3.726E+04
  626.0  1.152E+06  1.423E+03  1.214E+01  1.575E+06  7.957E+04  3.669E+04
  627.0  1.131E+06  1.380E+03  1.172E+01  1.568E+06  7.948E+04  3.613E+04
  628.0  1.112E+06  1.338E+03  1.131E+01  1.562E+06  7.940E+04  3.558E+04
  629.0  1.092E+06  1.297E+03  1.092E+01  1.555E+06  7.931E+04  3.503E+04
  630.0  1.073E+06  1.258E+03  1.054E+01  1.548E+06  7.922E+04  3.450E+04
  631.0  1.054E+06  1.220E+03  1.018E+01  1.541E+06  7.913E+04  3.397E+04
  632.0  1.036E+06  1.183E+03  9.823E+00  1.534E+06  7.905E+04  3.345E+04
  633.0  1.018E+06  1.147E+03  9.483E+00  1.528E+06  7.896E+04  3.294E+04
  634.0  1.000E+06  1.112E+03  9.155E+00  1.521E+06  7.887E+04  3.244E+04
  635.0  9.828E+05  1.078E+03  8.839E+00  1.514E+06  7.879E+04  3.194E+04
  636.0  9.656E+05  1.046E+03  8.533E+00  1.507E+06  7.870E+04  3.145E+04
  637.0  9.488E+05  1.014E+03  8.238E+00  1.501E+06  7.861E+04  3.097E+04
  638.0  9.323E+05  9.834E+02  7.954E+00  1.494E+06  7.853E+04  3.050E+04
  639.0  9.160E+05  9.536E+02  7.679E+00  1.488E+06  7.844E+04  3.004E+04
  640.0  9.001E+05  9.247E+02  7.414E+00  1.481E+06  7.835E+04  2.958E+04
  641.0  8.844E+05  8.968E+02  7.158E+00  1.475E+06  7.827E+04  2.913E+04
  642.0  8.690E+05  8.696E+02  6.911E+00  1.468E+06  7.818E+04  2.868E+04
  643.0  8.539E+05  8.433E+02  6.673E+00  1.462E+06  7.810E+04  2.824E+04
  644.0  8.391E+05  8.178E+02  6.443E+00  1.455E+06  7.801E+04  2.781E+04
  645.0  8.245E+05  7.931E+02  6.221E+00  1.449E+06  7.793E+04  2.739E+04
  646.0  8.101E+05  7.691E+02  6.006E+00  1.443E+06  7.784E+04  2.697E+04
  647.0  7.961E+05  7.459E+02  5.799E+00  1.436E+06  7.776E+04  2.656E+04
  648.0  7.822E+05  7.234E+02  5.600E+00  1.430E+06  7.767E+04  2.616E+04
  649.0  7.686E+05  7.015E+02  5.407E+00  1.424E+06  7.759E+04  2.576E+04
  650.0  7.553E+05  6.803E+02  5.221E+00  1.418E+06  7.750E+04  2.537E+04
  651.0  7.422E+05  6.598E+02  5.041E+00  1.411E+06  7.742E+04  2.498E+04
  652.0  7.293E+05  6.399E+02  4.868E+00  1.405E+06  7.733E+04  2.460E+04
  653.0  7.167E+05  6.206E+02  4.700E+00  1.399E+06  7.725E+04  2.423E+04
  654.0  7.042E+05  6.019E+02  4.538E+00  1.393E+06  7.716E+04  2.386E+04
  655.0  6.920E+05  5.837E+02  4.382E+00  1.387E+06  7.708E+04  2.350E+04
  656.0  6.800E+05  5.661E+02  4.232E+00  1.381E+06  7.699E+04  2.314E+04
  657.0  6.682E+05  5.491E+02  4.086E+00  1.375E+06  7.691E+04  2.279E+04
  658.0  6.567E+05  5.325E+02  3.946E+00  1.369E+06  7.683E+04  2.245E+04
  659.0  6.453E+05  5.165E+02  3.811E+00  1.363E+06  7.674E+04  2.210E+04
  660.0  6.341E+05  5.010E+02  3.680E+00  1.357E+06  7.666E+04  2.177E+04
  661.0  6.231E+05  4.859E+02  3.553E+00  1.351E+06  7.657E+04  2.144E+04
  662.0  6.124E+05  4.713E+02  3.432E+00  1.345E+06  7.649E+04  2.111E+04
  663.0  6.018E+05  4.571E+02  3.314E+00  1.339E+06  7.641E+04  2.079E+04
  664.0  5.914E+05  4.434E+02  3.200E+00  1.334E+06  7.632E+04  2.048E+04
  665.0  5.811E+05  4.300E+02  3.091E+00  1.328E+06  7.624E+04  2.017E+04
  666.0  5.711E+05  4.171E+02  2.985E+00  1.322E+06  7.616E+04  1.986E+04
  667.0  5.612E+05  4.046E+02  2.882E+00  1.316E+06  7.607E+04  1.956E+04
  668.0  5.515E+05  3.924E+02  2.784E+00  1.311E+06  7.599E+04  1.927E+04
  669.0  5.420E+05  3.806E+02  2.688E+00  1.305E+06  7.591E+04  1.898E+04
  670.0  5.326E+05  3.692E+02  2.596E+00  1.299E+06  7.583E+04  1.869E+04
  671.0  5.234E+05  3.581E+02  2.507E+00  1.294E+06  7.574E+04  1.841E+04
  672.0  5.144E+05  3.474E+02  2.422E+00  1.288E+06  7.566E+04  1.813E+04
  673.0  5.055E+05  3.370E+02  2.339E+00  1.282E+06  7.558E+04  1.785E+04
  674.0  4.968E+05  3.269E+02  2.259E+00  1.277E+06  7.550E+04  1.758E+04
  675.0  4.883E+05  3.171E+02  2.182E+00  1.271E+06  7.542E+04  1.732E+04
  676.0  4.798E+05  3.076E+02  2.107E+00  1.266E+06  7.533E+04  1.706E+04
  677.0  4.716E+05  2.983E+02  2.035E+00  1.260E+06  7.525E+04  1.680E+04
  678.0  4.634E+05  2.894E+02  1.966E+00  1.255E+06  7.517E+04  1.655E+04
  679.0  4.555E+05  2.807E+02  1.898E+00  1.249E+06  7.509E+04  1.630E+04
  680.0  4.476E+05  2.723E+02  1.834E+00  1.244E+06  7.501E+04  1.605E+04
  681.0  4.399E+05  2.642E+02  1.771E+00  1.238E+06  7.493E+04  1.581E+04
  682.0  4.323E+05  2.563E+02  1.711E+00  1.233E+06  7.484E+04  1.557E+04
  683.0  4.249E+05  2.486E+02  1.652E+00  1.228E+06  7.476E+04  1.534E+04
  684.0  4.176E+05  2.412E+02  1.596E+00  1.222E+06  7.468E+04  1.510E+04
  685.0  4.104E+05  2.340E+02  1.542E+00  1.217E+06  7.460E+04  1.488E+04
  686.0  4.034E+05  2.270E+02  1.489E+00  1.212E+06  7.452E+04  1.465E+04
  687.0  3.964E+05  2.202E+02  1.438E+00  1.207E+06  7.444E+04  1.443E+04
  688.0  3.896E+05  2.136E+02  1.389E+00  1.201E+06  7.436E+04  1.422E+04
  689.0  3.829E+05  2.072E+02  1.342E+00  1.196E+06  7.428E+04  1.400E+04
  690.0  3.764E+05  2.011E+02  1.296E+00  1.191E+06  7.420E+04  1.379E+04
  691.0  3.699E+05  1.951E+02  1.252E+00  1.186E+06  7.412E+04  1.358E+04
  692.0  3.636E+05  1.892E+02  1.210E+00  1.181E+06  7.404E+04  1.338E+04
  693.0  3.573E+05  1.836E+02  1.168E+00  1.176E+06  7.396E+04  1.318E+04
  694.0  3.512E+05  1.781E+02  1.129E+00  1.171E+06  7.388E+04  1.298E+04
  695.0  3.452E+05  1.728E+02  1.090E+00  1.166E+06  7.380E+04  1.279E+04
  696.0  3.393E+05  1.677E+02  1.053E+00  1.161E+06  7.372E+04  1.259E+04
  697.0  3.334E+05  1.627E+02  1.017E+00  1.156E+06  7.364E+04  1.240E+04
  698.0  3.277E+05  1.578E+02  9.829E-01  1.151E+06  7.356E+04  1.222E+04
  699.0  3.221E+05  1.531E+02  9.495E-01  1.146E+06  7.348E+04  1.204E+04
  700.0  3.166E+05  1.486E+02  9.173E-01  1.141E+06  7.340E+04  1.185E+04
  701.0  3.112E+05  1.441E+02  8.862E-01  1.136E+06  7.332E+04  1.168E+04
  702.0  3.059E+05  1.399E+02  8.561E-01  1.131E+06  7.324E+04  1.150E+04
  703.0  3.006E+05  1.357E+02  8.271E-01  1.126E+06  7.316E+04  1.133E+04
  704.0  2.955E+05  1.317E+02  7.990E-01  1.121E+06  7.309E+04  1.116E+04
  705.0  2.904E+05  1.277E+02  7.719E-01  1.116E+06  7.301E+04  1.099E+04
  706.0  2.855E+05  1.239E+02  7.458E-01  1.112E+06  7.293E+04  1.083E+04
  707.0  2.806E+05  1.203E+02  7.205E-01  1.107E+06  7.285E+04  1.067E+04
  708.0  2.758E+05  1.167E+02  6.961E-01  1.102E+06  7.277E+04  1.051E+04
  709.0  2.711E+05  1.132E+02  6.725E-01  1.097E+06  7.269E+04  1.035E+04
  710.0  2.665E+05  1.099E+02  6.498E-01  1.093E+06  7.261E+04  1.019E+04
  711.0  2.619E+05  1.066E+02  6.278E-01  1.088E+06  7.254E+04  1.004E+04
  712.0  2.574E+05  1.034E+02  6.065E-01  1.083E+06  7.246E+04  9.892E+03
  713.0  2.531E+05  1.004E+02  5.860E-01  1.079E+06  7.238E+04  9.745E+03
  714.0  2.487E+05  9.740E+01  5.662E-01  1.074E+06  7.230E+04  9.599E+03
  715.0  2.445E+05  9.451E+01  5.471E-01  1.069E+06  7.223E+04  9.456E+03
  716.0  2.403E+05  9.171E+01  5.286E-01  1.065E+06  7.215E+04  9.314E+03
  717.0  2.362E+05  8.900E+01  5.107E-01  1.060E+06  7.207E+04  9.175E+03
  718.0  2.322E+05  8.636E+01  4.935E-01  1.056E+06  7.199E+04  9.039E+03
  719.0  2.283E+05  8.380E+01  4.768E-01  1.051E+06  7.192E+04  8.904E+03
  720.0  2.244E+05  8.132E+01  4.607E-01  1.047E+06  7.184E+04  8.771E+03
  721.0  2.206E+05  7.892E+01  4.452E-01  1.042E+06  7.176E+04  8.640E+03
  722.0  2.168E+05  7.658E+01  4.301E-01  1.038E+06  7.168E+04  8.511E+03
  723.0  2.131E+05  7.432E+01  4.156E-01  1.033E+06  7.161E+04  8.385E+03
  724.0  2.095E+05  7.212E+01  4.016E-01  1.029E+06  7.153E+04  8.260E+03
  725.0  2.059E+05  6.999E+01  3.881E-01  1.024E+06  7.145E+04  8.137E+03
  726.0  2.024E+05  6.792E+01  3.750E-01  1.020E+06  7.138E+04  8.016E+03
  727.0  1.990E+05  6.591E+01  3.624E-01  1.016E+06  7.130E+04  7.896E+03
  728.0  1.956E+05  6.396E+01  3.502E-01  1.011E+06  7.123E+04  7.779E+03
  729.0  1.923E+05  6.208E+01  3.384E-01  1.007E+06  7.115E+04  7.663E+03
  730.0  1.890E+05  6.024E+01  3.270E-01  1.003E+06  7.107E+04  7.549E+03
  731.0  1.858E+05  5.847E+01  3.160E-01  9.984E+05  7.100E+04  7.437E+03
  732.0  1.827E+05  5.674E+01  3.053E-01  9.942E+05  7.092E+04  7.326E+03
  733.0  1.796E+05  5.507E+01  2.951E-01  9.899E+05  7.085E+04  7.218E+03
  734.0  1.765E+05  5.344E+01  2.851E-01  9.857E+05  7.077E+04  7.110E+03
  735.0  1.735E+05  5.187E+01  2.756E-01  9.815E+05  7.069E+04  7.005E+03
  736.0  1.706E+05  5.034E+01  2.663E-01  9.773E+05  7.062E+04  6.901E+03
  737.0  1.677E+05  4.886E+01  2.573E-01  9.731E+05  7.054E+04  6.798E+03
  738.0  1.649E+05  4.742E+01  2.487E-01  9.690E+05  7.047E+04  6.697E+03
  739.0  1.621E+05  4.602E+01  2.403E-01  9.649E+05  7.039E+04  6.598E+03
  740.0  1.593E+05  4.467E+01  2.323E-01  9.608E+05  7.032E+04  6.500E+03
  741.0  1.566E+05  4.335E+01  2.245E-01  9.567E+05  7.024E+04  6.404E+03
  742.0  1.540E+05  4.208E+01  2.170E-01  9.526E+05  7.017E+04  6.309E+03
  743.0  1.514E+05  4.084E+01  2.097E-01  9.485E+05  7.009E+04  6.216E+03
  744.0  1.488E+05  3.964E+01  2.026E-01  9.445E+05  7.002E+04  6.123E+03
  745.0  1.463E+05  3.847E+01  1.958E-01  9.405E+05  6.994E+04  6.033E+03
  746.0  1.438E+05  3.734E+01  1.893E-01  9.365E+05  6.987E+04  5.943E+03
  747.0  1.414E+05  3.624E+01  1.829E-01  9.325E+05  6.979E+04  5.855E+03
  748.0  1.390E+05  3.518E+01  1.768E-01  9.285E+05  6.972E+04  5.769E+03
  749.0  1.367E+05  3.415E+01  1.709E-01  9.246E+05  6.965E+04  5.684E+03
  750.0  1.343E+05  3.314E+01  1.652E-01  9.207E+05  6.957E+04  5.599E+03
  751.0  1.321E+05  3.217E+01  1.596E-01  9.168E+05  6.950E+04  5.517E+03
  752.0  1.299E+05  3.123E+01  1.543E-01  9.129E+05  6.942E+04  5.435E+03
  753.0  1.277E+05  3.031E+01  1.491E-01  9.090E+05  6.935E+04  5.355E+03
  754.0  1.255E+05  2.942E+01  1.442E-01  9.051E+05  6.928E+04  5.276E+03
  755.0  1.234E+05  2.856E+01  1.393E-01  9.013E+05  6.920E+04  5.198E+03
  756.0  1.213E+05  2.772E+01  1.347E-01  8.975E+05  6.913E+04  5.121E+03
  757.0  1.193E+05  2.691E+01  1.302E-01  8.937E+05  6.906E+04  5.046E+03
  758.0  1.173E+05  2.612E+01  1.258E-01  8.899E+05  6.898E+04  4.971E+03
  759.0  1.153E+05  2.536E+01  1.216E-01  8.861E+05  6.891E+04  4.898E+03
  760.0  1.133E+05  2.462E+01  1.176E-01  8.824E+05  6.884E+04  4.826E+03
  761.0  1.114E+05  2.390E+01  1.136E-01  8.786E+05  6.876E+04  4.754E+03
  762.0  1.096E+05  2.320E+01  1.098E-01  8.749E+05  6.869E+04  4.684E+03
  763.0  1.077E+05  2.252E+01  1.062E-01  8.712E+05  6.862E+04  4.615E+03
  764.0  1.059E+05  2.186E+01  1.026E-01  8.675E+05  6.855E+04  4.547E+03
  765.0  1.041E+05  2.122E+01  9.922E-02  8.639E+05  6.847E+04  4.480E+03
  766.0  1.024E+05  2.060E+01  9.591E-02  8.602E+05  6.840E+04  4.414E+03
  767.0  1.007E+05  2.000E+01  9.272E-02  8.566E+05  6.833E+04  4.349E+03
  768.0  9.896E+04  1.941E+01  8.963E-02  8.529E+05  6.826E+04  4.285E+03
  769.0  9.730E+04  1.885E+01  8.664E-02  8.493E+05  6.818E+04  4.222E+03
  770.0  9.567E+04  1.830E+01  8.376E-02  8.458E+05  6.811E+04  4.160E+03
  771.0  9.406E+04  1.776E+01  8.097E-02  8.422E+05  6.804E+04  4.099E+03
  772.0  9.249E+04  1.724E+01  7.828E-02  8.386E+05  6.797E+04  4.039E+03
  773.0  9.093E+04  1.674E+01  7.567E-02  8.351E+05  6.790E+04  3.980E+03
  774.0  8.941E+04  1.625E+01  7.316E-02  8.316E+05  6.782E+04  3.921E+03
  775.0  8.791E+04  1.578E+01  7.072E-02  8.281E+05  6.775E+04  3.864E+03
  776.0  8.644E+04  1.532E+01  6.837E-02  8.246E+05  6.768E+04  3.807E+03
  777.0  8.499E+04  1.487E+01  6.610E-02  8.211E+05  6.761E+04  3.751E+03
  778.0  8.356E+04  1.444E+01  6.390E-02  8.176E+05  6.754E+04  3.696E+03
  779.0  8.217E+04  1.402E+01  6.178E-02  8.142E+05  6.747E+04  3.642E+03
  780.0  8.079E+04  1.361E+01  5.973E-02  8.108E+05  6.740E+04  3.588E+03
  781.0  7.944E+04  1.321E+01  5.775E-02  8.073E+05  6.732E+04  3.536E+03
  782.0  7.811E+04  1.283E+01  5.583E-02  8.039E+05  6.725E+04  3.484E+03
  783.0  7.680E+04  1.246E+01  5.398E-02  8.006E+05  6.718E+04  3.433E+03
  784.0  7.552E+04  1.209E+01  5.219E-02  7.972E+05  6.711E+04  3.383E+03
  785.0  7.426E+04  1.174E+01  5.046E-02  7.938E+05  6.704E+04  3.333E+03
  786.0  7.301E+04  1.140E+01  4.879E-02  7.905E+05  6.697E+04  3.284E+03
  787.0  7.179E+04  1.107E+01  4.717E-02  7.872E+05  6.690E+04  3.236E+03
  788.0  7.059E+04  1.075E+01  4.561E-02  7.839E+05  6.683E+04  3.189E+03
  789.0  6.942E+04  1.044E+01  4.410E-02  7.806E+05  6.676E+04  3.142E+03
  790.0  6.826E+04  1.013E+01  4.264E-02  7.773E+05  6.669E+04  3.096E+03
  791.0  6.712E+04  9.840E+00  4.123E-02  7.740E+05  6.662E+04  3.051E+03
  792.0  6.600E+04  9.554E+00  3.986E-02  7.708E+05  6.655E+04  3.006E+03
  793.0  6.490E+04  9.277E+00  3.854E-02  7.675E+05  6.648E+04  2.962E+03
  794.0  6.381E+04  9.008E+00  3.727E-02  7.643E+05  6.641E+04  2.919E+03
  795.0  6.275E+04  8.747E+00  3.603E-02  7.611E+05  6.634E+04  2.877E+03
  796.0  6.170E+04  8.493E+00  3.484E-02  7.579E+05  6.627E+04  2.835E+03
  797.0  6.068E+04  8.247E+00  3.369E-02  7.548E+05  6.620E+04  2.793E+03
  798.0  5.967E+04  8.008E+00  3.258E-02  7.516E+05  6.613E+04  2.752E+03
  799.0  5.867E+04  7.776E+00  3.150E-02  7.484E+05  6.606E+04  2.712E+03
  800.0  5.770E+04  7.551E+00  3.046E-02  7.453E+05  6.599E+04  2.673E+03
  801.0  5.674E+04  7.333E+00  2.946E-02  7.422E+05  6.592E+04  2.634E+03
  802.0  5.579E+04  7.120E+00  2.848E-02  7.391E+05  6.585E+04  2.595E+03
  803.0  5.486E+04  6.914E+00  2.755E-02  7.360E+05  6.578E+04  2.558E+03
  804.0  5.395E+04  6.714E+00  2.664E-02  7.329E+05  6.572E+04  2.520E+03
  805.0  5.305E+04  6.520E+00  2.576E-02  7.298E+05  6.565E+04  2.484E+03
  806.0  5.217E+04  6.332E+00  2.491E-02  7.268E+05  6.558E+04  2.447E+03
  807.0  5.130E+04  6.149E+00  2.409E-02  7.237E+05  6.551E+04  2.412E+03
  808.0  5.045E+04  5.971E+00  2.329E-02  7.207E+05  6.544E+04  2.377E+03
  809.0  4.961E+04  5.799E+00  2.253E-02  7.177E+05  6.537E+04  2.342E+03
  810.0  4.879E+04  5.631E+00  2.179E-02  7.147E+05  6.530E+04  2.308E+03
  811.0  4.798E+04  5.469E+00  2.107E-02  7.117E+05  6.524E+04  2.275E+03
  812.0  4.718E+04  5.311E+00  2.037E-02  7.088E+05  6.517E+04  2.241E+03
  813.0  4.640E+04  5.158E+00  1.970E-02  7.058E+05  6.510E+04  2.209E+03
  814.0  4.563E+04  5.009E+00  1.906E-02  7.029E+05  6.503E+04  2.177E+03
  815.0  4.488E+04  4.865E+00  1.843E-02  6.999E+05  6.496E+04  2.145E+03
  816.0  4.413E+04  4.724E+00  1.782E-02  6.970E+05  6.490E+04  2.114E+03
  817.0  4.340E+04  4.588E+00  1.724E-02  6.941E+05  6.483E+04  2.083E+03
  818.0  4.268E+04  4.456E+00  1.667E-02  6.912E+05  6.476E+04  2.053E+03
  819.0  4.197E+04  4.328E+00  1.612E-02  6.883E+05  6.469E+04  2.023E+03
  820.0  4.128E+04  4.203E+00  1.559E-02  6.855E+05  6.463E+04  1.994E+03
  821.0  4.060E+04  4.082E+00  1.508E-02  6.826E+05  6.456E+04  1.965E+03
  822.0  3.992E+04  3.965E+00  1.459E-02  6.798E+05  6.449E+04  1.937E+03
  823.0  3.926E+04  3.850E+00  1.411E-02  6.769E+05  6.442E+04  1.909E+03
  824.0  3.862E+04  3.740E+00  1.365E-02  6.741E+05  6.436E+04  1.881E+03
  825.0  3.798E+04  3.632E+00  1.320E-02  6.713E+05  6.429E+04  1.854E+03
  826.0  3.735E+04  3.528E+00  1.277E-02  6.685E+05  6.422E+04  1.827E+03
  827.0  3.673E+04  3.426E+00  1.235E-02  6.657E+05  6.416E+04  1.800E+03
  828.0  3.612E+04  3.328E+00  1.194E-02  6.630E+05  6.409E+04  1.774E+03
  829.0  3.553E+04  3.232E+00  1.155E-02  6.602E+05  6.402E+04  1.749E+03
  830.0  3.494E+04  3.140E+00  1.117E-02  6.575E+05  6.396E+04  1.723E+03
  831.0  3.436E+04  3.049E+00  1.081E-02  6.548E+05  6.389E+04  1.698E+03
  832.0  3.380E+04  2.962E+00  1.045E-02  6.520E+05  6.382E+04  1.674E+03
  833.0  3.324E+04  2.877E+00  1.011E-02  6.493E+05  6.376E+04  1.650E+03
  834.0  3.269E+04  2.794E+00  9.781E-03  6.466E+05  6.369E+04  1.626E+03
  835.0  3.215E+04  2.714E+00  9.461E-03  6.440E+05  6.362E+04  1.602E+03
  836.0  3.162E+04  2.636E+00  9.151E-03  6.413E+05  6.356E+04  1.579E+03
  837.0  3.110E+04  2.561E+00  8.852E-03  6.386E+05  6.349E+04  1.556E+03
  838.0  3.059E+04  2.488E+00  8.563E-03  6.360E+05  6.343E+04  1.534E+03
  839.0  3.009E+04  2.416E+00  8.283E-03  6.333E+05  6.336E+04  1.512E+03
  840.0  2.959E+04  2.347E+00  8.013E-03  6.307E+05  6.329E+04  1.490E+03
  841.0  2.910E+04  2.280E+00  7.751E-03  6.281E+05  6.323E+04  1.469E+03
  842.0  2.862E+04  2.215E+00  7.498E-03  6.255E+05  6.316E+04  1.447E+03
  843.0  2.815E+04  2.151E+00  7.253E-03  6.229E+05  6.310E+04  1.427E+03
  844.0  2.769E+04  2.090E+00  7.017E-03  6.203E+05  6.303E+04  1.406E+03
  845.0  2.723E+04  2.030E+00  6.788E-03  6.178E+05  6.297E+04  1.386E+03
  846.0  2.679E+04  1.972E+00  6.567E-03  6.152E+05  6.290E+04  1.366E+03
  847.0  2.635E+04  1.916E+00  6.353E-03  6.127E+05  6.284E+04  1.346E+03
  848.0  2.591E+04  1.861E+00  6.145E-03  6.101E+05  6.277E+04  1.327E+03
  849.0  2.549E+04  1.808E+00  5.945E-03  6.076E+05  6.271E+04  1.308E+03
  850.0  2.507E+04  1.756E+00  5.752E-03  6.051E+05  6.264E+04  1.289E+03
  851.0  2.466E+04  1.706E+00  5.564E-03  6.026E+05  6.258E+04  1.270E+03
  852.0  2.425E+04  1.657E+00  5.383E-03  6.001E+05  6.251E+04  1.252E+03
  853.0  2.386E+04  1.610E+00  5.208E-03  5.977E+05  6.245E+04  1.234E+03
  854.0  2.346E+04  1.564E+00  5.039E-03  5.952E+05  6.238E+04  1.216E+03
  855.0  2.308E+04  1.519E+00  4.875E-03  5.927E+05  6.232E+04  1.199E+03
  856.0  2.270E+04  1.476E+00  4.716E-03  5.903E+05  6.225E+04  1.182E+03
  857.0  2.233E+04  1.434E+00  4.563E-03  5.879E+05  6.219E+04  1.165E+03
  858.0  2.196E+04  1.393E+00  4.415E-03  5.854E+05  6.213E+04  1.148E+03
  859.0  2.160E+04  1.353E+00  4.271E-03  5.830E+05  6.206E+04  1.132E+03
  860.0  2.125E+04  1.315E+00  4.132E-03  5.806E+05  6.200E+04  1.115E+03
  861.0  2.090E+04  1.277E+00  3.998E-03  5.782E+05  6.193E+04  1.099E+03
  862.0  2.056E+04  1.241E+00  3.868E-03  5.758E+05  6.187E+04  1.084E+03
  863.0  2.022E+04  1.206E+00  3.743E-03  5.735E+05  6.181E+04  1.068E+03
  864.0  1.989E+04  1.171E+00  3.621E-03  5.711E+05  6.174E+04  1.053E+03
  865.0  1.957E+04  1.138E+00  3.504E-03  5.688E+05  6.168E+04  1.038E+03
  866.0  1.925E+04  1.106E+00  3.390E-03  5.664E+05  6.162E+04  1.023E+03
  867.0  1.893E+04  1.074E+00  3.280E-03  5.641E+05  6.155E+04  1.008E+03
  868.0  1.862E+04  1.044E+00  3.174E-03  5.618E+05  6.149E+04  9.937E+02
  869.0  1.832E+04  1.014E+00  3.071E-03  5.595E+05  6.143E+04  9.795E+02
  870.0  1.802E+04  9.854E-01  2.972E-03  5.572E+05  6.136E+04  9.655E+02
  871.0  1.773E+04  9.574E-01  2.875E-03  5.549E+05  6.130E+04  9.517E+02
  872.0  1.744E+04  9.302E-01  2.782E-03  5.526E+05  6.124E+04  9.381E+02
  873.0  1.715E+04  9.038E-01  2.692E-03  5.503E+05  6.117E+04  9.247E+02
  874.0  1.687E+04  8.782E-01  2.605E-03  5.481E+05  6.111E+04  9.114E+02
  875.0  1.660E+04  8.533E-01  2.521E-03  5.458E+05  6.105E+04  8.984E+02
  876.0  1.633E+04  8.291E-01  2.439E-03  5.436E+05  6.099E+04  8.856E+02
  877.0  1.606E+04  8.056E-01  2.361E-03  5.414E+05  6.092E+04  8.730E+02
  878.0  1.580E+04  7.827E-01  2.284E-03  5.391E+05  6.086E+04  8.605E+02
  879.0  1.554E+04  7.605E-01  2.210E-03  5.369E+05  6.080E+04  8.482E+02
  880.0  1.529E+04  7.390E-01  2.139E-03  5.347E+05  6.074E+04  8.361E+02
  881.0  1.504E+04  7.181E-01  2.070E-03  5.325E+05  6.067E+04  8.242E+02
  882.0  1.479E+04  6.978E-01  2.003E-03  5.304E+05  6.061E+04  8.124E+02
  883.0  1.455E+04  6.780E-01  1.938E-03  5.282E+05  6.055E+04  8.009E+02
  884.0  1.432E+04  6.588E-01  1.876E-03  5.260E+05  6.049E+04  7.895E+02
  885.0  1.408E+04  6.402E-01  1.815E-03  5.239E+05  6.043E+04  7.782E+02
  886.0  1.386E+04  6.221E-01  1.757E-03  5.217E+05  6.036E+04  7.671E+02
  887.0  1.363E+04  6.045E-01  1.700E-03  5.196E+05  6.030E+04  7.562E+02
  888.0  1.341E+04  5.874E-01  1.645E-03  5.175E+05  6.024E+04  7.454E+02
  889.0  1.319E+04  5.708E-01  1.592E-03  5.154E+05  6.018E+04  7.348E+02
  890.0  1.298E+04  5.547E-01  1.541E-03  5.133E+05  6.012E+04  7.244E+02
  891.0  1.277E+04  5.390E-01  1.491E-03  5.112E+05  6.005E+04  7.141E+02
  892.0  1.256E+04  5.238E-01  1.443E-03  5.091E+05  5.999E+04  7.039E+02
  893.0  1.235E+04  5.090E-01  1.397E-03  5.070E+05  5.993E+04  6.939E+02
  894.0  1.215E+04  4.947E-01  1.352E-03  5.049E+05  5.987E+04  6.841E+02
  895.0  1.196E+04  4.807E-01  1.308E-03  5.029E+05  5.981E+04  6.743E+02
  896.0  1.176E+04  4.671E-01  1.266E-03  5.008E+05  5.975E+04  6.648E+02
  897.0  1.157E+04  4.540E-01  1.226E-03  4.988E+05  5.969E+04  6.553E+02
  898.0  1.139E+04  4.412E-01  1.186E-03  4.967E+05  5.963E+04  6.460E+02
  899.0  1.120E+04  4.287E-01  1.148E-03  4.947E+05  5.957E+04  6.369E+02
  900.0  1.102E+04  4.167E-01  1.111E-03  4.927E+05  5.951E+04  6.278E+02
  901.0  1.084E+04  4.049E-01  1.076E-03  4.907E+05  5.944E+04  6.189E+02
  902.0  1.067E+04  3.935E-01  1.041E-03  4.887E+05  5.938E+04  6.101E+02
  903.0  1.049E+04  3.825E-01  1.008E-03  4.867E+05  5.932E+04  6.015E+02
  904.0  1.032E+04  3.717E-01  9.752E-04  4.847E+05  5.926E+04  5.930E+02
  905.0  1.016E+04  3.612E-01  9.439E-04  4.828E+05  5.920E+04  5.846E+02
  906.0  9.992E+03  3.511E-01  9.136E-04  4.808E+05  5.914E+04  5.763E+02
  907.0  9.830E+03  3.412E-01  8.843E-04  4.788E+05  5.908E+04  5.681E+02
  908.0  9.671E+03  3.316E-01  8.560E-04  4.769E+05  5.902E+04  5.601E+02
  909.0  9.515E+03  3.223E-01  8.286E-04  4.750E+05  5.896E+04  5.522E+02
  910.0  9.361E+03  3.132E-01  8.020E-04  4.730E+05  5.890E+04  5.443E+02
  911.0  9.210E+03  3.044E-01  7.763E-04  4.711E+05  5.884E+04  5.367E+02
  912.0  9.062E+03  2.959E-01  7.514E-04  4.692E+05  5.878E+04  5.291E+02
  913.0  8.915E+03  2.876E-01  7.274E-04  4.673E+05  5.872E+04  5.216E+02
  914.0  8.772E+03  2.795E-01  7.041E-04  4.654E+05  5.866E+04  5.142E+02
  915.0  8.630E+03  2.717E-01  6.816E-04  4.635E+05  5.860E+04  5.069E+02
  916.0  8.491E+03  2.640E-01  6.598E-04  4.616E+05  5.854E+04  4.998E+02
  917.0  8.354E+03  2.566E-01  6.387E-04  4.598E+05  5.848E+04  4.927E+02
  918.0  8.219E+03  2.494E-01  6.182E-04  4.579E+05  5.842E+04  4.858E+02
  919.0  8.087E+03  2.425E-01  5.985E-04  4.560E+05  5.837E+04  4.789E+02
  920.0  7.957E+03  2.357E-01  5.794E-04  4.542E+05  5.831E+04  4.722E+02
  921.0  7.829E+03  2.291E-01  5.608E-04  4.523E+05  5.825E+04  4.655E+02
  922.0  7.702E+03  2.226E-01  5.429E-04  4.505E+05  5.819E+04  4.589E+02
  923.0  7.578E+03  2.164E-01  5.256E-04  4.487E+05  5.813E+04  4.525E+02
  924.0  7.457E+03  2.104E-01  5.088E-04  4.469E+05  5.807E+04  4.461E+02
  925.0  7.337E+03  2.045E-01  4.926E-04  4.451E+05  5.801E+04  4.398E+02
  926.0  7.219E+03  1.988E-01  4.769E-04  4.433E+05  5.795E+04  4.336E+02
  927.0  7.103E+03  1.932E-01  4.617E-04  4.415E+05  5.789E+04  4.275E+02
  928.0  6.988E+03  1.878E-01  4.469E-04  4.397E+05  5.784E+04  4.215E+02
  929.0  6.876E+03  1.825E-01  4.327E-04  4.379E+05  5.778E+04  4.156E+02
  930.0  6.766E+03  1.774E-01  4.189E-04  4.361E+05  5.772E+04  4.097E+02
  931.0  6.657E+03  1.725E-01  4.055E-04  4.344E+05  5.766E+04  4.039E+02
  932.0  6.550E+03  1.677E-01  3.926E-04  4.326E+05  5.760E+04  3.983E+02
  933.0  6.445E+03  1.630E-01  3.801E-04  4.309E+05  5.754E+04  3.927E+02
  934.0  6.342E+03  1.584E-01  3.680E-04  4.291E+05  5.749E+04  3.871E+02
  935.0  6.240E+03  1.540E-01  3.563E-04  4.274E+05  5.743E+04  3.817E+02
  936.0  6.140E+03  1.497E-01  3.450E-04  4.257E+05  5.737E+04  3.763E+02
  937.0  6.041E+03  1.455E-01  3.340E-04  4.240E+05  5.731E+04  3.711E+02
  938.0  5.944E+03  1.415E-01  3.234E-04  4.223E+05  5.725E+04  3.658E+02
  939.0  5.849E+03  1.375E-01  3.131E-04  4.206E+05  5.720E+04  3.607E+02
  940.0  5.755E+03  1.337E-01  3.031E-04  4.189E+05  5.714E+04  3.556E+02
  941.0  5.663E+03  1.300E-01  2.935E-04  4.172E+05  5.708E+04  3.507E+02
  942.0  5.573E+03  1.264E-01  2.842E-04  4.155E+05  5.702E+04  3.457E+02
  943.0  5.483E+03  1.228E-01  2.752E-04  4.138E+05  5.697E+04  3.409E+02
  944.0  5.396E+03  1.194E-01  2.664E-04  4.122E+05  5.691E+04  3.361E+02
  945.0  5.309E+03  1.161E-01  2.580E-04  4.105E+05  5.685E+04  3.314E+02
  946.0  5.224E+03  1.129E-01  2.498E-04  4.088E+05  5.679E+04  3.268E+02
  947.0  5.141E+03  1.097E-01  2.419E-04  4.072E+05  5.674E+04  3.222E+02
  948.0  5.059E+03  1.067E-01  2.342E-04  4.056E+05  5.668E+04  3.177E+02
  949.0  4.978E+03  1.037E-01  2.268E-04  4.039E+05  5.662E+04  3.132E+02
  950.0  4.898E+03  1.008E-01  2.196E-04  4.023E+05  5.657E+04  3.088E+02
  951.0  4.820E+03  9.803E-02  2.126E-04  4.007E+05  5.651E+04  3.045E+02
  952.0  4.743E+03  9.531E-02  2.059E-04  3.991E+05  5.645E+04  3.003E+02
  953.0  4.667E+03  9.266E-02  1.994E-04  3.975E+05  5.639E+04  2.961E+02
  954.0  4.593E+03  9.009E-02  1.930E-04  3.959E+05  5.634E+04  2.919E+02
  955.0  4.520E+03  8.759E-02  1.869E-04  3.943E+05  5.628E+04  2.878E+02
  956.0  4.447E+03  8.516E-02  1.810E-04  3.927E+05  5.622E+04  2.838E+02
  957.0  4.377E+03  8.279E-02  1.753E-04  3.911E+05  5.617E+04  2.799E+02
  958.0  4.307E+03  8.050E-02  1.697E-04  3.896E+05  5.611E+04  2.760E+02
  959.0  4.238E+03  7.827E-02  1.644E-04  3.880E+05  5.606E+04  2.721E+02
  960.0  4.171E+03  7.610E-02  1.592E-04  3.865E+05  5.600E+04  2.683E+02
  961.0  4.104E+03  7.399E-02  1.541E-04  3.849E+05  5.594E+04  2.646E+02
  962.0  4.039E+03  7.194E-02  1.493E-04  3.834E+05  5.589E+04  2.609E+02
  963.0  3.975E+03  6.995E-02  1.446E-04  3.818E+05  5.583E+04  2.572E+02
  964.0  3.911E+03  6.801E-02  1.400E-04  3.803E+05  5.578E+04  2.536E+02
  965.0  3.849E+03  6.613E-02  1.356E-04  3.788E+05  5.572E+04  2.501E+02
  966.0  3.788E+03  6.430E-02  1.313E-04  3.773E+05  5.566E+04  2.466E+02
  967.0  3.728E+03  6.252E-02  1.272E-04  3.758E+05  5.561E+04  2.432E+02
  968.0  3.668E+03  6.079E-02  1.231E-04  3.743E+05  5.555E+04  2.398E+02
  969.0  3.610E+03  5.911E-02  1.193E-04  3.728E+05  5.550E+04  2.365E+02
  970.0  3.553E+03  5.747E-02  1.155E-04  3.713E+05  5.544E+04  2.332E+02
  971.0  3.496E+03  5.589E-02  1.119E-04  3.698E+05  5.539E+04  2.299E+02
  972.0  3.441E+03  5.434E-02  1.083E-04  3.683E+05  5.533E+04  2.267E+02
  973.0  3.386E+03  5.284E-02  1.049E-04  3.668E+05  5.527E+04  2.236E+02
  974.0  3.332E+03  5.138E-02  1.016E-04  3.654E+05  5.522E+04  2.205E+02
  975.0  3.279E+03  4.996E-02  9.842E-05  3.639E+05  5.516E+04  2.174E+02
  976.0  3.227E+03  4.858E-02  9.532E-05  3.625E+05  5.511E+04  2.144E+02
  977.0  3.176E+03  4.724E-02  9.232E-05  3.610E+05  5.505E+04  2.114E+02
  978.0  3.126E+03  4.594E-02  8.941E-05  3.596E+05  5.500E+04  2.085E+02
  979.0  3.076E+03  4.467E-02  8.660E-05  3.581E+05  5.494E+04  2.056E+02
  980.0  3.027E+03  4.344E-02  8.388E-05  3.567E+05  5.489E+04  2.027E+02
  981.0  2.980E+03  4.224E-02  8.124E-05  3.553E+05  5.483E+04  1.999E+02
  982.0  2.932E+03  4.108E-02  7.869E-05  3.539E+05  5.478E+04  1.971E+02
  983.0  2.886E+03  3.995E-02  7.622E-05  3.525E+05  5.473E+04  1.944E+02
  984.0  2.840E+03  3.885E-02  7.382E-05  3.511E+05  5.467E+04  1.917E+02
  985.0  2.795E+03  3.778E-02  7.150E-05  3.497E+05  5.462E+04  1.890E+02
  986.0  2.751E+03  3.674E-02  6.926E-05  3.483E+05  5.456E+04  1.864E+02
  987.0  2.708E+03  3.573E-02  6.709E-05  3.469E+05  5.451E+04  1.838E+02
  988.0  2.665E+03  3.475E-02  6.498E-05  3.455E+05  5.445E+04  1.813E+02
  989.0  2.623E+03  3.379E-02  6.294E-05  3.441E+05  5.440E+04  1.788E+02
  990.0  2.581E+03  3.286E-02  6.097E-05  3.428E+05  5.434E+04  1.763E+02
  991.0  2.540E+03  3.196E-02  5.906E-05  3.414E+05  5.429E+04  1.739E+02
  992.0  2.500E+03  3.108E-02  5.721E-05  3.401E+05  5.424E+04  1.715E+02
  993.0  2.461E+03  3.023E-02  5.541E-05  3.387E+05  5.418E+04  1.691E+02
  994.0  2.422E+03  2.940E-02  5.368E-05  3.374E+05  5.413E+04  1.668E+02
  995.0  2.384E+03  2.859E-02  5.200E-05  3.360E+05  5.408E+04  1.645E+02
  996.0  2.346E+03  2.780E-02  5.037E-05  3.347E+05  5.402E+04  1.622E+02
  997.0  2.309E+03  2.704E-02  4.879E-05  3.334E+05  5.397E+04  1.599E+02
  998.0  2.273E+03  2.630E-02  4.726E-05  3.320E+05  5.391E+04  1.577E+02
  999.0  2.237E+03  2.558E-02  4.579E-05  3.307E+05  5.386E+04  1.556E+02
