ModelWeb Browser Results

nrlmsise model listing
Required input parameters
Year= 2014, Month=  1, Day= 22, Hour=12.00,
Time_type = Universal
Coordinate_type = Geographic
Latitude=   25.00, Longitude=    5.00, Height=   100.00
Prof. parameters: Start=     0.00 Stop=  1000.00 Step=     1.00

Optional input parameters:

Sunspot number(Rz12) =not specified
Ionospheric index(IG12) =not specified
Upper limit for Electron content = not specified
F peak model =  
Ne Topside =  
foF2 Storm model =  
Bottomside Thickness =  
F1 occurrence probability =  
D-Region Ne =  
Topside Te =  
Ion Composition =  

Selected output parameters:
1  Height, km
2  O, cm-3 
3  N2, cm-3
4  O2, cm-3
5  He, cm-3 

1         2         3         4         5         
    0.0  0.000E+00  1.963E+19  5.266E+18  1.317E+14
    1.0  0.000E+00  1.777E+19  4.768E+18  1.193E+14
    2.0  0.000E+00  1.610E+19  4.320E+18  1.081E+14
    3.0  0.000E+00  1.459E+19  3.913E+18  9.789E+13
    4.0  0.000E+00  1.320E+19  3.542E+18  8.860E+13
    5.0  0.000E+00  1.193E+19  3.202E+18  8.009E+13
    6.0  0.000E+00  1.077E+19  2.888E+18  7.225E+13
    7.0  0.000E+00  9.687E+18  2.599E+18  6.501E+13
    8.0  0.000E+00  8.690E+18  2.331E+18  5.832E+13
    9.0  0.000E+00  7.769E+18  2.084E+18  5.213E+13
   10.0  0.000E+00  6.918E+18  1.856E+18  4.643E+13
   11.0  0.000E+00  6.133E+18  1.645E+18  4.115E+13
   12.0  0.000E+00  5.403E+18  1.449E+18  3.626E+13
   13.0  0.000E+00  4.723E+18  1.267E+18  3.170E+13
   14.0  0.000E+00  4.094E+18  1.098E+18  2.747E+13
   15.0  0.000E+00  3.515E+18  9.430E+17  2.359E+13
   16.0  0.000E+00  2.991E+18  8.024E+17  2.007E+13
   17.0  0.000E+00  2.528E+18  6.782E+17  1.697E+13
   18.0  0.000E+00  2.129E+18  5.711E+17  1.429E+13
   19.0  0.000E+00  1.790E+18  4.802E+17  1.201E+13
   20.0  0.000E+00  1.506E+18  4.040E+17  1.011E+13
   21.0  0.000E+00  1.270E+18  3.407E+17  8.521E+12
   22.0  0.000E+00  1.073E+18  2.879E+17  7.201E+12
   23.0  0.000E+00  9.086E+17  2.437E+17  6.097E+12
   24.0  0.000E+00  7.706E+17  2.067E+17  5.172E+12
   25.0  0.000E+00  6.547E+17  1.756E+17  4.393E+12
   26.0  0.000E+00  5.569E+17  1.494E+17  3.737E+12
   27.0  0.000E+00  4.743E+17  1.272E+17  3.183E+12
   28.0  0.000E+00  4.044E+17  1.085E+17  2.714E+12
   29.0  0.000E+00  3.451E+17  9.257E+16  2.316E+12
   30.0  0.000E+00  2.947E+17  7.906E+16  1.978E+12
   31.0  0.000E+00  2.519E+17  6.757E+16  1.690E+12
   32.0  0.000E+00  2.154E+17  5.778E+16  1.445E+12
   33.0  0.000E+00  1.843E+17  4.945E+16  1.237E+12
   34.0  0.000E+00  1.580E+17  4.237E+16  1.060E+12
   35.0  0.000E+00  1.356E+17  3.638E+16  9.100E+11
   36.0  0.000E+00  1.166E+17  3.129E+16  7.826E+11
   37.0  0.000E+00  1.005E+17  2.696E+16  6.745E+11
   38.0  0.000E+00  8.680E+16  2.329E+16  5.825E+11
   39.0  0.000E+00  7.512E+16  2.015E+16  5.041E+11
   40.0  0.000E+00  6.517E+16  1.748E+16  4.373E+11
   41.0  0.000E+00  5.667E+16  1.520E+16  3.803E+11
   42.0  0.000E+00  4.939E+16  1.325E+16  3.315E+11
   43.0  0.000E+00  4.316E+16  1.158E+16  2.896E+11
   44.0  0.000E+00  3.780E+16  1.014E+16  2.537E+11
   45.0  0.000E+00  3.319E+16  8.903E+15  2.227E+11
   46.0  0.000E+00  2.921E+16  7.835E+15  1.960E+11
   47.0  0.000E+00  2.576E+16  6.910E+15  1.728E+11
   48.0  0.000E+00  2.275E+16  6.104E+15  1.527E+11
   49.0  0.000E+00  2.013E+16  5.401E+15  1.351E+11
   50.0  0.000E+00  1.783E+16  4.783E+15  1.197E+11
   51.0  0.000E+00  1.581E+16  4.240E+15  1.061E+11
   52.0  0.000E+00  1.402E+16  3.761E+15  9.407E+10
   53.0  0.000E+00  1.244E+16  3.336E+15  8.345E+10
   54.0  0.000E+00  1.103E+16  2.960E+15  7.403E+10
   55.0  0.000E+00  9.783E+15  2.625E+15  6.565E+10
   56.0  0.000E+00  8.671E+15  2.326E+15  5.819E+10
   57.0  0.000E+00  7.678E+15  2.060E+15  5.153E+10
   58.0  0.000E+00  6.791E+15  1.822E+15  4.557E+10
   59.0  0.000E+00  5.997E+15  1.609E+15  4.024E+10
   60.0  0.000E+00  5.287E+15  1.418E+15  3.548E+10
   61.0  0.000E+00  4.652E+15  1.248E+15  3.122E+10
   62.0  0.000E+00  4.085E+15  1.096E+15  2.741E+10
   63.0  0.000E+00  3.579E+15  9.586E+14  2.403E+10
   64.0  0.000E+00  3.128E+15  8.354E+14  2.102E+10
   65.0  0.000E+00  2.727E+15  7.263E+14  1.835E+10
   66.0  0.000E+00  2.372E+15  6.299E+14  1.598E+10
   67.0  0.000E+00  2.058E+15  5.449E+14  1.388E+10
   68.0  0.000E+00  1.781E+15  4.701E+14  1.202E+10
   69.0  0.000E+00  1.538E+15  4.047E+14  1.039E+10
   70.0  0.000E+00  1.324E+15  3.475E+14  8.958E+09
   71.0  0.000E+00  1.138E+15  2.977E+14  7.705E+09
   72.0  0.000E+00  9.753E+14  2.544E+14  6.612E+09
   73.0  9.683E+06  8.341E+14  2.170E+14  5.663E+09
   74.0  2.487E+07  7.140E+14  1.853E+14  4.857E+09
   75.0  6.264E+07  6.115E+14  1.583E+14  4.168E+09
   76.0  1.534E+08  5.237E+14  1.352E+14  3.579E+09
   77.0  3.629E+08  4.485E+14  1.154E+14  3.074E+09
   78.0  8.242E+08  3.839E+14  9.849E+13  2.640E+09
   79.0  1.788E+09  3.284E+14  8.396E+13  2.268E+09
   80.0  3.693E+09  2.807E+14  7.150E+13  1.947E+09
   81.0  7.240E+09  2.397E+14  6.080E+13  1.672E+09
   82.0  1.345E+10  2.044E+14  5.163E+13  1.435E+09
   83.0  2.366E+10  1.741E+14  4.376E+13  1.231E+09
   84.0  3.942E+10  1.480E+14  3.703E+13  1.056E+09
   85.0  6.227E+10  1.257E+14  3.127E+13  9.063E+08
   86.0  9.340E+10  1.065E+14  2.635E+13  7.776E+08
   87.0  1.333E+11  9.015E+13  2.216E+13  6.674E+08
   88.0  1.815E+11  7.615E+13  1.859E+13  5.732E+08
   89.0  2.363E+11  6.421E+13  1.556E+13  4.928E+08
   90.0  2.952E+11  5.404E+13  1.299E+13  4.244E+08
   91.0  3.548E+11  4.541E+13  1.082E+13  3.661E+08
   92.0  4.115E+11  3.808E+13  8.991E+12  3.166E+08
   93.0  4.619E+11  3.188E+13  7.449E+12  2.746E+08
   94.0  5.032E+11  2.663E+13  6.155E+12  2.389E+08
   95.0  5.336E+11  2.220E+13  5.070E+12  2.088E+08
   96.0  5.523E+11  1.848E+13  4.165E+12  1.833E+08
   97.0  5.593E+11  1.536E+13  3.412E+12  1.618E+08
   98.0  5.557E+11  1.274E+13  2.788E+12  1.436E+08
   99.0  5.429E+11  1.056E+13  2.272E+12  1.282E+08
  100.0  5.226E+11  8.735E+12  1.846E+12  1.152E+08
  101.0  4.967E+11  7.223E+12  1.498E+12  1.043E+08
  102.0  4.672E+11  5.970E+12  1.213E+12  9.495E+07
  103.0  4.355E+11  4.937E+12  9.812E+11  8.706E+07
  104.0  4.032E+11  4.086E+12  7.936E+11  8.035E+07
  105.0  3.712E+11  3.386E+12  6.420E+11  7.462E+07
  106.0  3.402E+11  2.811E+12  5.198E+11  6.969E+07
  107.0  3.107E+11  2.339E+12  4.214E+11  6.542E+07
  108.0  2.831E+11  1.952E+12  3.422E+11  6.170E+07
  109.0  2.574E+11  1.633E+12  2.785E+11  5.842E+07
  110.0  2.338E+11  1.370E+12  2.273E+11  5.551E+07
  111.0  2.121E+11  1.154E+12  1.860E+11  5.289E+07
  112.0  1.924E+11  9.753E+11  1.527E+11  5.052E+07
  113.0  1.745E+11  8.272E+11  1.258E+11  4.835E+07
  114.0  1.583E+11  7.042E+11  1.040E+11  4.634E+07
  115.0  1.437E+11  6.018E+11  8.636E+10  4.447E+07
  116.0  1.305E+11  5.164E+11  7.197E+10  4.272E+07
  117.0  1.187E+11  4.449E+11  6.024E+10  4.107E+07
  118.0  1.081E+11  3.849E+11  5.065E+10  3.952E+07
  119.0  9.856E+10  3.345E+11  4.278E+10  3.806E+07
  120.0  9.009E+10  2.921E+11  3.632E+10  3.668E+07
  121.0  8.256E+10  2.563E+11  3.100E+10  3.539E+07
  122.0  7.589E+10  2.260E+11  2.661E+10  3.420E+07
  123.0  7.001E+10  2.005E+11  2.297E+10  3.310E+07
  124.0  6.481E+10  1.788E+11  1.995E+10  3.208E+07
  125.0  6.021E+10  1.602E+11  1.742E+10  3.114E+07
  126.0  5.612E+10  1.443E+11  1.529E+10  3.028E+07
  127.0  5.244E+10  1.304E+11  1.348E+10  2.947E+07
  128.0  4.913E+10  1.184E+11  1.194E+10  2.871E+07
  129.0  4.613E+10  1.078E+11  1.061E+10  2.800E+07
  130.0  4.341E+10  9.846E+10  9.465E+09  2.733E+07
  131.0  4.093E+10  9.021E+10  8.473E+09  2.670E+07
  132.0  3.867E+10  8.288E+10  7.609E+09  2.610E+07
  133.0  3.660E+10  7.634E+10  6.855E+09  2.553E+07
  134.0  3.470E+10  7.048E+10  6.193E+09  2.499E+07
  135.0  3.294E+10  6.521E+10  5.610E+09  2.448E+07
  136.0  3.132E+10  6.047E+10  5.095E+09  2.400E+07
  137.0  2.982E+10  5.618E+10  4.639E+09  2.354E+07
  138.0  2.843E+10  5.229E+10  4.234E+09  2.310E+07
  139.0  2.714E+10  4.875E+10  3.873E+09  2.268E+07
  140.0  2.594E+10  4.553E+10  3.550E+09  2.228E+07
  141.0  2.482E+10  4.259E+10  3.261E+09  2.189E+07
  142.0  2.377E+10  3.989E+10  3.001E+09  2.152E+07
  143.0  2.278E+10  3.742E+10  2.767E+09  2.117E+07
  144.0  2.186E+10  3.515E+10  2.555E+09  2.084E+07
  145.0  2.100E+10  3.305E+10  2.364E+09  2.051E+07
  146.0  2.019E+10  3.112E+10  2.191E+09  2.020E+07
  147.0  1.942E+10  2.933E+10  2.033E+09  1.990E+07
  148.0  1.870E+10  2.768E+10  1.890E+09  1.962E+07
  149.0  1.801E+10  2.615E+10  1.759E+09  1.934E+07
  150.0  1.737E+10  2.472E+10  1.639E+09  1.908E+07
  151.0  1.676E+10  2.340E+10  1.530E+09  1.882E+07
  152.0  1.618E+10  2.216E+10  1.430E+09  1.857E+07
  153.0  1.563E+10  2.101E+10  1.338E+09  1.833E+07
  154.0  1.511E+10  1.994E+10  1.253E+09  1.810E+07
  155.0  1.461E+10  1.893E+10  1.175E+09  1.788E+07
  156.0  1.414E+10  1.799E+10  1.103E+09  1.767E+07
  157.0  1.369E+10  1.711E+10  1.036E+09  1.746E+07
  158.0  1.326E+10  1.628E+10  9.744E+08  1.726E+07
  159.0  1.285E+10  1.550E+10  9.173E+08  1.706E+07
  160.0  1.246E+10  1.477E+10  8.644E+08  1.687E+07
  161.0  1.208E+10  1.408E+10  8.152E+08  1.669E+07
  162.0  1.173E+10  1.343E+10  7.694E+08  1.651E+07
  163.0  1.138E+10  1.282E+10  7.268E+08  1.634E+07
  164.0  1.106E+10  1.224E+10  6.870E+08  1.617E+07
  165.0  1.074E+10  1.170E+10  6.500E+08  1.600E+07
  166.0  1.044E+10  1.119E+10  6.153E+08  1.585E+07
  167.0  1.015E+10  1.070E+10  5.829E+08  1.569E+07
  168.0  9.869E+09  1.024E+10  5.526E+08  1.554E+07
  169.0  9.601E+09  9.804E+09  5.242E+08  1.539E+07
  170.0  9.344E+09  9.390E+09  4.976E+08  1.525E+07
  171.0  9.096E+09  8.999E+09  4.726E+08  1.511E+07
  172.0  8.857E+09  8.626E+09  4.491E+08  1.498E+07
  173.0  8.627E+09  8.273E+09  4.270E+08  1.484E+07
  174.0  8.405E+09  7.937E+09  4.062E+08  1.471E+07
  175.0  8.191E+09  7.618E+09  3.866E+08  1.459E+07
  176.0  7.985E+09  7.314E+09  3.682E+08  1.446E+07
  177.0  7.786E+09  7.025E+09  3.508E+08  1.434E+07
  178.0  7.593E+09  6.749E+09  3.344E+08  1.422E+07
  179.0  7.407E+09  6.486E+09  3.189E+08  1.411E+07
  180.0  7.228E+09  6.236E+09  3.042E+08  1.400E+07
  181.0  7.054E+09  5.997E+09  2.903E+08  1.389E+07
  182.0  6.886E+09  5.769E+09  2.772E+08  1.378E+07
  183.0  6.723E+09  5.551E+09  2.648E+08  1.367E+07
  184.0  6.566E+09  5.343E+09  2.530E+08  1.357E+07
  185.0  6.414E+09  5.144E+09  2.419E+08  1.347E+07
  186.0  6.266E+09  4.954E+09  2.313E+08  1.337E+07
  187.0  6.123E+09  4.772E+09  2.213E+08  1.327E+07
  188.0  5.984E+09  4.598E+09  2.117E+08  1.317E+07
  189.0  5.849E+09  4.431E+09  2.027E+08  1.308E+07
  190.0  5.719E+09  4.272E+09  1.941E+08  1.299E+07
  191.0  5.592E+09  4.119E+09  1.859E+08  1.290E+07
  192.0  5.469E+09  3.972E+09  1.781E+08  1.281E+07
  193.0  5.349E+09  3.832E+09  1.707E+08  1.272E+07
  194.0  5.233E+09  3.697E+09  1.637E+08  1.263E+07
  195.0  5.120E+09  3.568E+09  1.569E+08  1.255E+07
  196.0  5.011E+09  3.443E+09  1.505E+08  1.247E+07
  197.0  4.904E+09  3.324E+09  1.444E+08  1.238E+07
  198.0  4.801E+09  3.210E+09  1.386E+08  1.230E+07
  199.0  4.700E+09  3.100E+09  1.330E+08  1.222E+07
  200.0  4.602E+09  2.994E+09  1.277E+08  1.215E+07
  201.0  4.506E+09  2.893E+09  1.227E+08  1.206E+07
  202.0  4.413E+09  2.795E+09  1.178E+08  1.199E+07
  203.0  4.323E+09  2.701E+09  1.132E+08  1.191E+07
  204.0  4.235E+09  2.611E+09  1.088E+08  1.184E+07
  205.0  4.149E+09  2.524E+09  1.046E+08  1.177E+07
  206.0  4.065E+09  2.441E+09  1.005E+08  1.170E+07
  207.0  3.984E+09  2.360E+09  9.669E+07  1.163E+07
  208.0  3.904E+09  2.282E+09  9.299E+07  1.156E+07
  209.0  3.827E+09  2.208E+09  8.945E+07  1.149E+07
  210.0  3.751E+09  2.136E+09  8.606E+07  1.142E+07
  211.0  3.678E+09  2.067E+09  8.282E+07  1.136E+07
  212.0  3.606E+09  2.000E+09  7.971E+07  1.129E+07
  213.0  3.536E+09  1.935E+09  7.673E+07  1.123E+07
  214.0  3.467E+09  1.873E+09  7.387E+07  1.117E+07
  215.0  3.400E+09  1.813E+09  7.113E+07  1.110E+07
  216.0  3.335E+09  1.756E+09  6.851E+07  1.104E+07
  217.0  3.271E+09  1.700E+09  6.599E+07  1.098E+07
  218.0  3.209E+09  1.646E+09  6.357E+07  1.092E+07
  219.0  3.148E+09  1.594E+09  6.125E+07  1.086E+07
  220.0  3.089E+09  1.544E+09  5.902E+07  1.080E+07
  221.0  3.031E+09  1.496E+09  5.688E+07  1.074E+07
  222.0  2.974E+09  1.449E+09  5.483E+07  1.069E+07
  223.0  2.919E+09  1.404E+09  5.286E+07  1.063E+07
  224.0  2.865E+09  1.361E+09  5.096E+07  1.057E+07
  225.0  2.812E+09  1.319E+09  4.914E+07  1.052E+07
  226.0  2.760E+09  1.278E+09  4.739E+07  1.046E+07
  227.0  2.709E+09  1.239E+09  4.571E+07  1.041E+07
  228.0  2.660E+09  1.201E+09  4.409E+07  1.036E+07
  229.0  2.611E+09  1.164E+09  4.254E+07  1.030E+07
  230.0  2.564E+09  1.128E+09  4.104E+07  1.025E+07
  231.0  2.517E+09  1.094E+09  3.960E+07  1.020E+07
  232.0  2.472E+09  1.061E+09  3.822E+07  1.015E+07
  233.0  2.427E+09  1.029E+09  3.689E+07  1.010E+07
  234.0  2.384E+09  9.978E+08  3.561E+07  1.004E+07
  235.0  2.341E+09  9.678E+08  3.437E+07  9.995E+06
  236.0  2.300E+09  9.387E+08  3.318E+07  9.945E+06
  237.0  2.259E+09  9.106E+08  3.204E+07  9.897E+06
  238.0  2.219E+09  8.834E+08  3.094E+07  9.848E+06
  239.0  2.180E+09  8.571E+08  2.988E+07  9.800E+06
  240.0  2.141E+09  8.316E+08  2.885E+07  9.753E+06
  241.0  2.104E+09  8.069E+08  2.787E+07  9.705E+06
  242.0  2.067E+09  7.830E+08  2.692E+07  9.659E+06
  243.0  2.031E+09  7.598E+08  2.601E+07  9.613E+06
  244.0  1.995E+09  7.374E+08  2.512E+07  9.567E+06
  245.0  1.961E+09  7.157E+08  2.427E+07  9.521E+06
  246.0  1.927E+09  6.947E+08  2.346E+07  9.476E+06
  247.0  1.893E+09  6.743E+08  2.267E+07  9.432E+06
  248.0  1.861E+09  6.546E+08  2.190E+07  9.388E+06
  249.0  1.829E+09  6.355E+08  2.117E+07  9.344E+06
  250.0  1.797E+09  6.169E+08  2.046E+07  9.300E+06
  251.0  1.767E+09  5.990E+08  1.978E+07  9.257E+06
  252.0  1.736E+09  5.816E+08  1.912E+07  9.214E+06
  253.0  1.707E+09  5.647E+08  1.849E+07  9.172E+06
  254.0  1.678E+09  5.484E+08  1.787E+07  9.130E+06
  255.0  1.649E+09  5.325E+08  1.728E+07  9.088E+06
  256.0  1.621E+09  5.172E+08  1.671E+07  9.047E+06
  257.0  1.594E+09  5.023E+08  1.616E+07  9.006E+06
  258.0  1.567E+09  4.878E+08  1.562E+07  8.965E+06
  259.0  1.541E+09  4.738E+08  1.511E+07  8.925E+06
  260.0  1.515E+09  4.602E+08  1.461E+07  8.884E+06
  261.0  1.489E+09  4.471E+08  1.413E+07  8.845E+06
  262.0  1.464E+09  4.343E+08  1.367E+07  8.805E+06
  263.0  1.440E+09  4.219E+08  1.322E+07  8.766E+06
  264.0  1.416E+09  4.099E+08  1.279E+07  8.727E+06
  265.0  1.392E+09  3.982E+08  1.238E+07  8.688E+06
  266.0  1.369E+09  3.869E+08  1.197E+07  8.650E+06
  267.0  1.347E+09  3.759E+08  1.158E+07  8.612E+06
  268.0  1.324E+09  3.653E+08  1.121E+07  8.574E+06
  269.0  1.302E+09  3.549E+08  1.085E+07  8.537E+06
  270.0  1.281E+09  3.449E+08  1.050E+07  8.499E+06
  271.0  1.260E+09  3.352E+08  1.016E+07  8.462E+06
  272.0  1.239E+09  3.257E+08  9.829E+06  8.426E+06
  273.0  1.219E+09  3.166E+08  9.512E+06  8.389E+06
  274.0  1.199E+09  3.077E+08  9.206E+06  8.353E+06
  275.0  1.179E+09  2.990E+08  8.910E+06  8.317E+06
  276.0  1.160E+09  2.906E+08  8.625E+06  8.281E+06
  277.0  1.141E+09  2.825E+08  8.348E+06  8.245E+06
  278.0  1.122E+09  2.746E+08  8.081E+06  8.210E+06
  279.0  1.104E+09  2.669E+08  7.823E+06  8.175E+06
  280.0  1.086E+09  2.595E+08  7.573E+06  8.140E+06
  281.0  1.068E+09  2.522E+08  7.332E+06  8.106E+06
  282.0  1.051E+09  2.452E+08  7.098E+06  8.071E+06
  283.0  1.034E+09  2.384E+08  6.872E+06  8.037E+06
  284.0  1.017E+09  2.317E+08  6.654E+06  8.003E+06
  285.0  1.001E+09  2.253E+08  6.443E+06  7.969E+06
  286.0  9.848E+08  2.191E+08  6.238E+06  7.936E+06
  287.0  9.690E+08  2.130E+08  6.041E+06  7.902E+06
  288.0  9.534E+08  2.071E+08  5.850E+06  7.869E+06
  289.0  9.380E+08  2.014E+08  5.665E+06  7.836E+06
  290.0  9.230E+08  1.958E+08  5.486E+06  7.804E+06
  291.0  9.082E+08  1.904E+08  5.313E+06  7.771E+06
  292.0  8.936E+08  1.851E+08  5.145E+06  7.739E+06
  293.0  8.793E+08  1.800E+08  4.983E+06  7.707E+06
  294.0  8.653E+08  1.751E+08  4.827E+06  7.675E+06
  295.0  8.515E+08  1.703E+08  4.675E+06  7.643E+06
  296.0  8.379E+08  1.656E+08  4.528E+06  7.611E+06
  297.0  8.246E+08  1.610E+08  4.386E+06  7.580E+06
  298.0  8.114E+08  1.566E+08  4.249E+06  7.549E+06
  299.0  7.985E+08  1.523E+08  4.116E+06  7.518E+06
  300.0  7.859E+08  1.481E+08  3.987E+06  7.487E+06
  301.0  7.733E+08  1.441E+08  3.862E+06  7.456E+06
  302.0  7.611E+08  1.402E+08  3.742E+06  7.426E+06
  303.0  7.490E+08  1.363E+08  3.625E+06  7.395E+06
  304.0  7.372E+08  1.326E+08  3.512E+06  7.365E+06
  305.0  7.255E+08  1.290E+08  3.403E+06  7.335E+06
  306.0  7.141E+08  1.255E+08  3.297E+06  7.305E+06
  307.0  7.028E+08  1.220E+08  3.194E+06  7.276E+06
  308.0  6.917E+08  1.187E+08  3.095E+06  7.246E+06
  309.0  6.809E+08  1.155E+08  2.999E+06  7.217E+06
  310.0  6.701E+08  1.124E+08  2.906E+06  7.187E+06
  311.0  6.596E+08  1.093E+08  2.816E+06  7.158E+06
  312.0  6.493E+08  1.063E+08  2.728E+06  7.129E+06
  313.0  6.391E+08  1.035E+08  2.644E+06  7.101E+06
  314.0  6.291E+08  1.007E+08  2.562E+06  7.072E+06
  315.0  6.192E+08  9.793E+07  2.483E+06  7.044E+06
  316.0  6.095E+08  9.527E+07  2.406E+06  7.015E+06
  317.0  6.000E+08  9.270E+07  2.332E+06  6.987E+06
  318.0  5.906E+08  9.019E+07  2.260E+06  6.959E+06
  319.0  5.814E+08  8.776E+07  2.190E+06  6.931E+06
  320.0  5.723E+08  8.539E+07  2.123E+06  6.904E+06
  321.0  5.634E+08  8.308E+07  2.057E+06  6.876E+06
  322.0  5.546E+08  8.084E+07  1.994E+06  6.849E+06
  323.0  5.460E+08  7.866E+07  1.933E+06  6.821E+06
  324.0  5.375E+08  7.655E+07  1.873E+06  6.794E+06
  325.0  5.291E+08  7.449E+07  1.816E+06  6.767E+06
  326.0  5.209E+08  7.248E+07  1.760E+06  6.740E+06
  327.0  5.128E+08  7.054E+07  1.706E+06  6.714E+06
  328.0  5.049E+08  6.864E+07  1.654E+06  6.687E+06
  329.0  4.970E+08  6.680E+07  1.603E+06  6.661E+06
  330.0  4.894E+08  6.501E+07  1.554E+06  6.634E+06
  331.0  4.818E+08  6.326E+07  1.507E+06  6.608E+06
  332.0  4.743E+08  6.157E+07  1.461E+06  6.582E+06
  333.0  4.670E+08  5.992E+07  1.416E+06  6.556E+06
  334.0  4.598E+08  5.831E+07  1.373E+06  6.530E+06
  335.0  4.527E+08  5.675E+07  1.331E+06  6.504E+06
  336.0  4.457E+08  5.524E+07  1.290E+06  6.479E+06
  337.0  4.388E+08  5.376E+07  1.251E+06  6.453E+06
  338.0  4.321E+08  5.232E+07  1.213E+06  6.428E+06
  339.0  4.254E+08  5.093E+07  1.176E+06  6.403E+06
  340.0  4.189E+08  4.957E+07  1.140E+06  6.378E+06
  341.0  4.124E+08  4.825E+07  1.105E+06  6.353E+06
  342.0  4.061E+08  4.696E+07  1.072E+06  6.328E+06
  343.0  3.998E+08  4.571E+07  1.039E+06  6.303E+06
  344.0  3.937E+08  4.449E+07  1.007E+06  6.279E+06
  345.0  3.877E+08  4.331E+07  9.769E+05  6.254E+06
  346.0  3.817E+08  4.215E+07  9.472E+05  6.230E+06
  347.0  3.759E+08  4.103E+07  9.185E+05  6.205E+06
  348.0  3.701E+08  3.994E+07  8.906E+05  6.181E+06
  349.0  3.644E+08  3.888E+07  8.637E+05  6.157E+06
  350.0  3.588E+08  3.785E+07  8.375E+05  6.133E+06
  351.0  3.534E+08  3.685E+07  8.121E+05  6.109E+06
  352.0  3.480E+08  3.587E+07  7.876E+05  6.086E+06
  353.0  3.426E+08  3.492E+07  7.637E+05  6.062E+06
  354.0  3.374E+08  3.399E+07  7.407E+05  6.039E+06
  355.0  3.323E+08  3.309E+07  7.183E+05  6.015E+06
  356.0  3.272E+08  3.222E+07  6.966E+05  5.992E+06
  357.0  3.222E+08  3.136E+07  6.755E+05  5.969E+06
  358.0  3.173E+08  3.053E+07  6.552E+05  5.946E+06
  359.0  3.125E+08  2.973E+07  6.354E+05  5.923E+06
  360.0  3.077E+08  2.894E+07  6.162E+05  5.900E+06
  361.0  3.030E+08  2.818E+07  5.977E+05  5.877E+06
  362.0  2.984E+08  2.743E+07  5.797E+05  5.855E+06
  363.0  2.939E+08  2.671E+07  5.622E+05  5.832E+06
  364.0  2.894E+08  2.600E+07  5.453E+05  5.810E+06
  365.0  2.850E+08  2.532E+07  5.289E+05  5.787E+06
  366.0  2.807E+08  2.465E+07  5.130E+05  5.765E+06
  367.0  2.764E+08  2.400E+07  4.976E+05  5.743E+06
  368.0  2.722E+08  2.337E+07  4.826E+05  5.721E+06
  369.0  2.681E+08  2.275E+07  4.681E+05  5.699E+06
  370.0  2.640E+08  2.215E+07  4.541E+05  5.677E+06
  371.0  2.600E+08  2.157E+07  4.405E+05  5.655E+06
  372.0  2.561E+08  2.100E+07  4.272E+05  5.633E+06
  373.0  2.522E+08  2.045E+07  4.144E+05  5.612E+06
  374.0  2.484E+08  1.992E+07  4.020E+05  5.590E+06
  375.0  2.447E+08  1.939E+07  3.900E+05  5.569E+06
  376.0  2.410E+08  1.888E+07  3.783E+05  5.548E+06
  377.0  2.373E+08  1.839E+07  3.670E+05  5.527E+06
  378.0  2.337E+08  1.791E+07  3.560E+05  5.505E+06
  379.0  2.302E+08  1.744E+07  3.453E+05  5.484E+06
  380.0  2.267E+08  1.698E+07  3.350E+05  5.464E+06
  381.0  2.233E+08  1.653E+07  3.250E+05  5.443E+06
  382.0  2.200E+08  1.610E+07  3.153E+05  5.422E+06
  383.0  2.166E+08  1.568E+07  3.059E+05  5.401E+06
  384.0  2.134E+08  1.527E+07  2.968E+05  5.381E+06
  385.0  2.102E+08  1.487E+07  2.879E+05  5.360E+06
  386.0  2.070E+08  1.448E+07  2.793E+05  5.340E+06
  387.0  2.039E+08  1.410E+07  2.710E+05  5.320E+06
  388.0  2.008E+08  1.373E+07  2.629E+05  5.299E+06
  389.0  1.978E+08  1.338E+07  2.551E+05  5.279E+06
  390.0  1.948E+08  1.303E+07  2.475E+05  5.259E+06
  391.0  1.919E+08  1.269E+07  2.401E+05  5.239E+06
  392.0  1.890E+08  1.236E+07  2.330E+05  5.219E+06
  393.0  1.862E+08  1.203E+07  2.260E+05  5.200E+06
  394.0  1.834E+08  1.172E+07  2.193E+05  5.180E+06
  395.0  1.806E+08  1.141E+07  2.128E+05  5.160E+06
  396.0  1.779E+08  1.112E+07  2.065E+05  5.141E+06
  397.0  1.753E+08  1.083E+07  2.003E+05  5.121E+06
  398.0  1.727E+08  1.055E+07  1.944E+05  5.102E+06
  399.0  1.701E+08  1.027E+07  1.886E+05  5.083E+06
  400.0  1.675E+08  1.000E+07  1.830E+05  5.064E+06
  401.0  1.650E+08  9.743E+06  1.776E+05  5.044E+06
  402.0  1.625E+08  9.490E+06  1.723E+05  5.025E+06
  403.0  1.601E+08  9.244E+06  1.672E+05  5.006E+06
  404.0  1.577E+08  9.003E+06  1.623E+05  4.988E+06
  405.0  1.554E+08  8.770E+06  1.575E+05  4.969E+06
  406.0  1.530E+08  8.542E+06  1.528E+05  4.950E+06
  407.0  1.508E+08  8.320E+06  1.483E+05  4.931E+06
  408.0  1.485E+08  8.105E+06  1.439E+05  4.913E+06
  409.0  1.463E+08  7.894E+06  1.396E+05  4.894E+06
  410.0  1.441E+08  7.690E+06  1.355E+05  4.876E+06
  411.0  1.420E+08  7.490E+06  1.315E+05  4.858E+06
  412.0  1.399E+08  7.296E+06  1.276E+05  4.839E+06
  413.0  1.378E+08  7.107E+06  1.238E+05  4.821E+06
  414.0  1.357E+08  6.924E+06  1.202E+05  4.803E+06
  415.0  1.337E+08  6.744E+06  1.166E+05  4.785E+06
  416.0  1.317E+08  6.570E+06  1.132E+05  4.767E+06
  417.0  1.298E+08  6.400E+06  1.099E+05  4.749E+06
  418.0  1.278E+08  6.235E+06  1.066E+05  4.732E+06
  419.0  1.259E+08  6.073E+06  1.035E+05  4.714E+06
  420.0  1.241E+08  5.917E+06  1.004E+05  4.696E+06
  421.0  1.222E+08  5.764E+06  9.746E+04  4.679E+06
  422.0  1.204E+08  5.615E+06  9.459E+04  4.661E+06
  423.0  1.186E+08  5.470E+06  9.181E+04  4.644E+06
  424.0  1.169E+08  5.329E+06  8.911E+04  4.626E+06
  425.0  1.151E+08  5.191E+06  8.649E+04  4.609E+06
  426.0  1.134E+08  5.058E+06  8.394E+04  4.592E+06
  427.0  1.117E+08  4.927E+06  8.147E+04  4.575E+06
  428.0  1.101E+08  4.800E+06  7.908E+04  4.558E+06
  429.0  1.084E+08  4.677E+06  7.676E+04  4.541E+06
  430.0  1.068E+08  4.556E+06  7.450E+04  4.524E+06
  431.0  1.053E+08  4.439E+06  7.231E+04  4.507E+06
  432.0  1.037E+08  4.325E+06  7.019E+04  4.490E+06
  433.0  1.022E+08  4.214E+06  6.813E+04  4.473E+06
  434.0  1.007E+08  4.105E+06  6.613E+04  4.457E+06
  435.0  9.917E+07  4.000E+06  6.420E+04  4.440E+06
  436.0  9.771E+07  3.897E+06  6.231E+04  4.424E+06
  437.0  9.626E+07  3.797E+06  6.049E+04  4.407E+06
  438.0  9.484E+07  3.699E+06  5.872E+04  4.391E+06
  439.0  9.344E+07  3.604E+06  5.700E+04  4.374E+06
  440.0  9.206E+07  3.512E+06  5.533E+04  4.358E+06
  441.0  9.071E+07  3.422E+06  5.371E+04  4.342E+06
  442.0  8.937E+07  3.334E+06  5.214E+04  4.326E+06
  443.0  8.805E+07  3.248E+06  5.061E+04  4.310E+06
  444.0  8.675E+07  3.165E+06  4.913E+04  4.294E+06
  445.0  8.548E+07  3.084E+06  4.770E+04  4.278E+06
  446.0  8.422E+07  3.005E+06  4.630E+04  4.262E+06
  447.0  8.298E+07  2.928E+06  4.495E+04  4.246E+06
  448.0  8.176E+07  2.853E+06  4.364E+04  4.230E+06
  449.0  8.055E+07  2.780E+06  4.236E+04  4.215E+06
  450.0  7.937E+07  2.709E+06  4.113E+04  4.199E+06
  451.0  7.820E+07  2.640E+06  3.993E+04  4.184E+06
  452.0  7.705E+07  2.572E+06  3.876E+04  4.168E+06
  453.0  7.592E+07  2.506E+06  3.763E+04  4.153E+06
  454.0  7.481E+07  2.442E+06  3.654E+04  4.137E+06
  455.0  7.371E+07  2.380E+06  3.547E+04  4.122E+06
  456.0  7.263E+07  2.319E+06  3.444E+04  4.107E+06
  457.0  7.156E+07  2.260E+06  3.343E+04  4.092E+06
  458.0  7.051E+07  2.202E+06  3.246E+04  4.077E+06
  459.0  6.948E+07  2.146E+06  3.152E+04  4.062E+06
  460.0  6.846E+07  2.091E+06  3.060E+04  4.047E+06
  461.0  6.745E+07  2.038E+06  2.971E+04  4.032E+06
  462.0  6.647E+07  1.986E+06  2.885E+04  4.017E+06
  463.0  6.549E+07  1.936E+06  2.801E+04  4.002E+06
  464.0  6.453E+07  1.886E+06  2.719E+04  3.987E+06
  465.0  6.359E+07  1.838E+06  2.640E+04  3.973E+06
  466.0  6.266E+07  1.791E+06  2.564E+04  3.958E+06
  467.0  6.174E+07  1.746E+06  2.489E+04  3.943E+06
  468.0  6.084E+07  1.701E+06  2.417E+04  3.929E+06
  469.0  5.995E+07  1.658E+06  2.347E+04  3.914E+06
  470.0  5.907E+07  1.616E+06  2.279E+04  3.900E+06
  471.0  5.821E+07  1.575E+06  2.213E+04  3.886E+06
  472.0  5.736E+07  1.535E+06  2.149E+04  3.871E+06
  473.0  5.652E+07  1.496E+06  2.086E+04  3.857E+06
  474.0  5.570E+07  1.458E+06  2.026E+04  3.843E+06
  475.0  5.489E+07  1.421E+06  1.967E+04  3.829E+06
  476.0  5.409E+07  1.385E+06  1.910E+04  3.815E+06
  477.0  5.330E+07  1.350E+06  1.855E+04  3.801E+06
  478.0  5.252E+07  1.315E+06  1.801E+04  3.787E+06
  479.0  5.176E+07  1.282E+06  1.749E+04  3.773E+06
  480.0  5.100E+07  1.250E+06  1.699E+04  3.759E+06
  481.0  5.026E+07  1.218E+06  1.650E+04  3.745E+06
  482.0  4.953E+07  1.187E+06  1.602E+04  3.732E+06
  483.0  4.881E+07  1.157E+06  1.556E+04  3.718E+06
  484.0  4.810E+07  1.128E+06  1.511E+04  3.704E+06
  485.0  4.740E+07  1.099E+06  1.467E+04  3.691E+06
  486.0  4.671E+07  1.071E+06  1.425E+04  3.677E+06
  487.0  4.603E+07  1.044E+06  1.384E+04  3.664E+06
  488.0  4.536E+07  1.018E+06  1.344E+04  3.651E+06
  489.0  4.470E+07  9.922E+05  1.305E+04  3.637E+06
  490.0  4.405E+07  9.671E+05  1.267E+04  3.624E+06
  491.0  4.341E+07  9.427E+05  1.231E+04  3.611E+06
  492.0  4.278E+07  9.188E+05  1.195E+04  3.598E+06
  493.0  4.216E+07  8.956E+05  1.161E+04  3.584E+06
  494.0  4.155E+07  8.730E+05  1.127E+04  3.571E+06
  495.0  4.095E+07  8.510E+05  1.095E+04  3.558E+06
  496.0  4.035E+07  8.295E+05  1.064E+04  3.545E+06
  497.0  3.977E+07  8.086E+05  1.033E+04  3.532E+06
  498.0  3.919E+07  7.882E+05  1.003E+04  3.520E+06
  499.0  3.862E+07  7.684E+05  9.744E+03  3.507E+06
  500.0  3.807E+07  7.490E+05  9.463E+03  3.494E+06
  501.0  3.751E+07  7.301E+05  9.192E+03  3.481E+06
  502.0  3.697E+07  7.117E+05  8.927E+03  3.469E+06
  503.0  3.644E+07  6.938E+05  8.671E+03  3.456E+06
  504.0  3.591E+07  6.764E+05  8.422E+03  3.443E+06
  505.0  3.539E+07  6.594E+05  8.180E+03  3.431E+06
  506.0  3.488E+07  6.428E+05  7.946E+03  3.418E+06
  507.0  3.438E+07  6.266E+05  7.718E+03  3.406E+06
  508.0  3.388E+07  6.109E+05  7.496E+03  3.394E+06
  509.0  3.339E+07  5.955E+05  7.282E+03  3.381E+06
  510.0  3.291E+07  5.805E+05  7.073E+03  3.369E+06
  511.0  3.243E+07  5.660E+05  6.870E+03  3.357E+06
  512.0  3.196E+07  5.518E+05  6.673E+03  3.345E+06
  513.0  3.150E+07  5.379E+05  6.482E+03  3.332E+06
  514.0  3.105E+07  5.244E+05  6.297E+03  3.320E+06
  515.0  3.060E+07  5.113E+05  6.117E+03  3.308E+06
  516.0  3.016E+07  4.984E+05  5.942E+03  3.296E+06
  517.0  2.973E+07  4.859E+05  5.772E+03  3.284E+06
  518.0  2.930E+07  4.738E+05  5.607E+03  3.273E+06
  519.0  2.888E+07  4.619E+05  5.446E+03  3.261E+06
  520.0  2.846E+07  4.503E+05  5.291E+03  3.249E+06
  521.0  2.805E+07  4.390E+05  5.140E+03  3.237E+06
  522.0  2.765E+07  4.280E+05  4.993E+03  3.225E+06
  523.0  2.725E+07  4.173E+05  4.850E+03  3.214E+06
  524.0  2.686E+07  4.069E+05  4.712E+03  3.202E+06
  525.0  2.647E+07  3.967E+05  4.577E+03  3.191E+06
  526.0  2.609E+07  3.868E+05  4.447E+03  3.179E+06
  527.0  2.572E+07  3.771E+05  4.320E+03  3.168E+06
  528.0  2.535E+07  3.677E+05  4.197E+03  3.156E+06
  529.0  2.498E+07  3.585E+05  4.077E+03  3.145E+06
  530.0  2.463E+07  3.496E+05  3.961E+03  3.133E+06
  531.0  2.427E+07  3.408E+05  3.848E+03  3.122E+06
  532.0  2.392E+07  3.323E+05  3.739E+03  3.111E+06
  533.0  2.358E+07  3.240E+05  3.632E+03  3.100E+06
  534.0  2.324E+07  3.160E+05  3.529E+03  3.088E+06
  535.0  2.291E+07  3.081E+05  3.429E+03  3.077E+06
  536.0  2.258E+07  3.004E+05  3.331E+03  3.066E+06
  537.0  2.226E+07  2.929E+05  3.236E+03  3.055E+06
  538.0  2.194E+07  2.856E+05  3.144E+03  3.044E+06
  539.0  2.163E+07  2.785E+05  3.055E+03  3.033E+06
  540.0  2.132E+07  2.716E+05  2.968E+03  3.022E+06
  541.0  2.101E+07  2.648E+05  2.884E+03  3.011E+06
  542.0  2.071E+07  2.582E+05  2.802E+03  3.001E+06
  543.0  2.042E+07  2.518E+05  2.722E+03  2.990E+06
  544.0  2.012E+07  2.455E+05  2.645E+03  2.979E+06
  545.0  1.984E+07  2.394E+05  2.570E+03  2.968E+06
  546.0  1.955E+07  2.335E+05  2.497E+03  2.958E+06
  547.0  1.927E+07  2.277E+05  2.426E+03  2.947E+06
  548.0  1.900E+07  2.220E+05  2.358E+03  2.937E+06
  549.0  1.873E+07  2.165E+05  2.291E+03  2.926E+06
  550.0  1.846E+07  2.111E+05  2.226E+03  2.916E+06
  551.0  1.820E+07  2.059E+05  2.163E+03  2.905E+06
  552.0  1.794E+07  2.008E+05  2.102E+03  2.895E+06
  553.0  1.768E+07  1.958E+05  2.042E+03  2.884E+06
  554.0  1.743E+07  1.909E+05  1.984E+03  2.874E+06
  555.0  1.718E+07  1.862E+05  1.928E+03  2.864E+06
  556.0  1.694E+07  1.816E+05  1.874E+03  2.853E+06
  557.0  1.670E+07  1.771E+05  1.821E+03  2.843E+06
  558.0  1.646E+07  1.727E+05  1.769E+03  2.833E+06
  559.0  1.622E+07  1.684E+05  1.719E+03  2.823E+06
  560.0  1.599E+07  1.642E+05  1.671E+03  2.813E+06
  561.0  1.577E+07  1.602E+05  1.624E+03  2.803E+06
  562.0  1.554E+07  1.562E+05  1.578E+03  2.793E+06
  563.0  1.532E+07  1.524E+05  1.533E+03  2.783E+06
  564.0  1.510E+07  1.486E+05  1.490E+03  2.773E+06
  565.0  1.489E+07  1.449E+05  1.448E+03  2.763E+06
  566.0  1.468E+07  1.413E+05  1.407E+03  2.753E+06
  567.0  1.447E+07  1.378E+05  1.368E+03  2.743E+06
  568.0  1.426E+07  1.344E+05  1.329E+03  2.733E+06
  569.0  1.406E+07  1.311E+05  1.292E+03  2.724E+06
  570.0  1.386E+07  1.279E+05  1.255E+03  2.714E+06
  571.0  1.367E+07  1.247E+05  1.220E+03  2.704E+06
  572.0  1.347E+07  1.216E+05  1.185E+03  2.695E+06
  573.0  1.328E+07  1.186E+05  1.152E+03  2.685E+06
  574.0  1.309E+07  1.157E+05  1.120E+03  2.676E+06
  575.0  1.291E+07  1.129E+05  1.088E+03  2.666E+06
  576.0  1.272E+07  1.101E+05  1.058E+03  2.657E+06
  577.0  1.254E+07  1.074E+05  1.028E+03  2.647E+06
  578.0  1.237E+07  1.047E+05  9.990E+02  2.638E+06
  579.0  1.219E+07  1.021E+05  9.710E+02  2.628E+06
  580.0  1.202E+07  9.963E+04  9.437E+02  2.619E+06
  581.0  1.185E+07  9.718E+04  9.172E+02  2.610E+06
  582.0  1.168E+07  9.479E+04  8.914E+02  2.600E+06
  583.0  1.152E+07  9.246E+04  8.664E+02  2.591E+06
  584.0  1.135E+07  9.019E+04  8.421E+02  2.582E+06
  585.0  1.119E+07  8.797E+04  8.185E+02  2.573E+06
  586.0  1.104E+07  8.581E+04  7.956E+02  2.564E+06
  587.0  1.088E+07  8.370E+04  7.733E+02  2.555E+06
  588.0  1.073E+07  8.164E+04  7.516E+02  2.545E+06
  589.0  1.058E+07  7.964E+04  7.306E+02  2.536E+06
  590.0  1.043E+07  7.768E+04  7.101E+02  2.527E+06
  591.0  1.028E+07  7.578E+04  6.902E+02  2.518E+06
  592.0  1.013E+07  7.392E+04  6.709E+02  2.510E+06
  593.0  9.991E+06  7.211E+04  6.521E+02  2.501E+06
  594.0  9.851E+06  7.034E+04  6.339E+02  2.492E+06
  595.0  9.712E+06  6.861E+04  6.162E+02  2.483E+06
  596.0  9.575E+06  6.693E+04  5.989E+02  2.474E+06
  597.0  9.441E+06  6.529E+04  5.822E+02  2.465E+06
  598.0  9.308E+06  6.369E+04  5.659E+02  2.457E+06
  599.0  9.177E+06  6.213E+04  5.501E+02  2.448E+06
  600.0  9.048E+06  6.061E+04  5.348E+02  2.439E+06
  601.0  8.921E+06  5.913E+04  5.198E+02  2.431E+06
  602.0  8.795E+06  5.768E+04  5.053E+02  2.422E+06
  603.0  8.672E+06  5.627E+04  4.912E+02  2.414E+06
  604.0  8.550E+06  5.490E+04  4.775E+02  2.405E+06
  605.0  8.430E+06  5.356E+04  4.642E+02  2.397E+06
  606.0  8.312E+06  5.225E+04  4.513E+02  2.388E+06
  607.0  8.195E+06  5.097E+04  4.387E+02  2.380E+06
  608.0  8.080E+06  4.973E+04  4.265E+02  2.371E+06
  609.0  7.967E+06  4.851E+04  4.146E+02  2.363E+06
  610.0  7.855E+06  4.733E+04  4.031E+02  2.355E+06
  611.0  7.745E+06  4.617E+04  3.918E+02  2.346E+06
  612.0  7.636E+06  4.505E+04  3.809E+02  2.338E+06
  613.0  7.529E+06  4.395E+04  3.703E+02  2.330E+06
  614.0  7.424E+06  4.288E+04  3.600E+02  2.322E+06
  615.0  7.320E+06  4.183E+04  3.500E+02  2.314E+06
  616.0  7.217E+06  4.081E+04  3.403E+02  2.305E+06
  617.0  7.116E+06  3.982E+04  3.308E+02  2.297E+06
  618.0  7.017E+06  3.885E+04  3.216E+02  2.289E+06
  619.0  6.919E+06  3.790E+04  3.127E+02  2.281E+06
  620.0  6.822E+06  3.698E+04  3.040E+02  2.273E+06
  621.0  6.727E+06  3.608E+04  2.956E+02  2.265E+06
  622.0  6.633E+06  3.520E+04  2.874E+02  2.257E+06
  623.0  6.540E+06  3.435E+04  2.794E+02  2.249E+06
  624.0  6.449E+06  3.351E+04  2.717E+02  2.241E+06
  625.0  6.359E+06  3.270E+04  2.641E+02  2.234E+06
  626.0  6.270E+06  3.190E+04  2.568E+02  2.226E+06
  627.0  6.183E+06  3.113E+04  2.497E+02  2.218E+06
  628.0  6.096E+06  3.037E+04  2.428E+02  2.210E+06
  629.0  6.011E+06  2.964E+04  2.361E+02  2.202E+06
  630.0  5.927E+06  2.892E+04  2.295E+02  2.195E+06
  631.0  5.845E+06  2.822E+04  2.232E+02  2.187E+06
  632.0  5.763E+06  2.753E+04  2.170E+02  2.179E+06
  633.0  5.683E+06  2.686E+04  2.110E+02  2.172E+06
  634.0  5.604E+06  2.621E+04  2.052E+02  2.164E+06
  635.0  5.526E+06  2.558E+04  1.995E+02  2.157E+06
  636.0  5.449E+06  2.496E+04  1.940E+02  2.149E+06
  637.0  5.373E+06  2.435E+04  1.886E+02  2.141E+06
  638.0  5.299E+06  2.376E+04  1.834E+02  2.134E+06
  639.0  5.225E+06  2.319E+04  1.783E+02  2.127E+06
  640.0  5.152E+06  2.263E+04  1.734E+02  2.119E+06
  641.0  5.081E+06  2.208E+04  1.686E+02  2.112E+06
  642.0  5.010E+06  2.155E+04  1.640E+02  2.104E+06
  643.0  4.941E+06  2.102E+04  1.595E+02  2.097E+06
  644.0  4.872E+06  2.052E+04  1.551E+02  2.090E+06
  645.0  4.804E+06  2.002E+04  1.508E+02  2.082E+06
  646.0  4.738E+06  1.954E+04  1.466E+02  2.075E+06
  647.0  4.672E+06  1.907E+04  1.426E+02  2.068E+06
  648.0  4.607E+06  1.861E+04  1.387E+02  2.061E+06
  649.0  4.543E+06  1.816E+04  1.348E+02  2.053E+06
  650.0  4.480E+06  1.772E+04  1.311E+02  2.046E+06
  651.0  4.418E+06  1.729E+04  1.275E+02  2.039E+06
  652.0  4.357E+06  1.687E+04  1.240E+02  2.032E+06
  653.0  4.297E+06  1.647E+04  1.206E+02  2.025E+06
  654.0  4.237E+06  1.607E+04  1.173E+02  2.018E+06
  655.0  4.178E+06  1.568E+04  1.141E+02  2.011E+06
  656.0  4.121E+06  1.530E+04  1.109E+02  2.004E+06
  657.0  4.064E+06  1.494E+04  1.079E+02  1.997E+06
  658.0  4.007E+06  1.458E+04  1.049E+02  1.990E+06
  659.0  3.952E+06  1.423E+04  1.020E+02  1.983E+06
  660.0  3.897E+06  1.388E+04  9.923E+01  1.976E+06
  661.0  3.844E+06  1.355E+04  9.651E+01  1.969E+06
  662.0  3.790E+06  1.322E+04  9.386E+01  1.963E+06
  663.0  3.738E+06  1.291E+04  9.129E+01  1.956E+06
  664.0  3.687E+06  1.260E+04  8.878E+01  1.949E+06
  665.0  3.636E+06  1.229E+04  8.635E+01  1.942E+06
  666.0  3.585E+06  1.200E+04  8.398E+01  1.935E+06
  667.0  3.536E+06  1.171E+04  8.168E+01  1.929E+06
  668.0  3.487E+06  1.143E+04  7.944E+01  1.922E+06
  669.0  3.439E+06  1.115E+04  7.727E+01  1.915E+06
  670.0  3.392E+06  1.089E+04  7.515E+01  1.909E+06
  671.0  3.345E+06  1.063E+04  7.310E+01  1.902E+06
  672.0  3.299E+06  1.037E+04  7.110E+01  1.896E+06
  673.0  3.254E+06  1.012E+04  6.915E+01  1.889E+06
  674.0  3.209E+06  9.879E+03  6.726E+01  1.882E+06
  675.0  3.165E+06  9.643E+03  6.542E+01  1.876E+06
  676.0  3.121E+06  9.412E+03  6.363E+01  1.869E+06
  677.0  3.078E+06  9.186E+03  6.190E+01  1.863E+06
  678.0  3.036E+06  8.966E+03  6.021E+01  1.857E+06
  679.0  2.994E+06  8.752E+03  5.856E+01  1.850E+06
  680.0  2.953E+06  8.542E+03  5.696E+01  1.844E+06
  681.0  2.912E+06  8.338E+03  5.541E+01  1.837E+06
  682.0  2.872E+06  8.139E+03  5.390E+01  1.831E+06
  683.0  2.833E+06  7.944E+03  5.243E+01  1.825E+06
  684.0  2.794E+06  7.754E+03  5.100E+01  1.818E+06
  685.0  2.756E+06  7.569E+03  4.961E+01  1.812E+06
  686.0  2.718E+06  7.388E+03  4.826E+01  1.806E+06
  687.0  2.681E+06  7.212E+03  4.694E+01  1.800E+06
  688.0  2.644E+06  7.040E+03  4.566E+01  1.794E+06
  689.0  2.608E+06  6.872E+03  4.442E+01  1.787E+06
  690.0  2.572E+06  6.708E+03  4.321E+01  1.781E+06
  691.0  2.537E+06  6.548E+03  4.203E+01  1.775E+06
  692.0  2.502E+06  6.391E+03  4.089E+01  1.769E+06
  693.0  2.468E+06  6.239E+03  3.978E+01  1.763E+06
  694.0  2.434E+06  6.090E+03  3.870E+01  1.757E+06
  695.0  2.401E+06  5.945E+03  3.764E+01  1.751E+06
  696.0  2.368E+06  5.804E+03  3.662E+01  1.745E+06
  697.0  2.335E+06  5.665E+03  3.563E+01  1.739E+06
  698.0  2.303E+06  5.531E+03  3.466E+01  1.733E+06
  699.0  2.272E+06  5.399E+03  3.372E+01  1.727E+06
  700.0  2.241E+06  5.270E+03  3.280E+01  1.721E+06
  701.0  2.210E+06  5.145E+03  3.191E+01  1.715E+06
  702.0  2.180E+06  5.023E+03  3.105E+01  1.709E+06
  703.0  2.150E+06  4.903E+03  3.020E+01  1.703E+06
  704.0  2.121E+06  4.787E+03  2.939E+01  1.697E+06
  705.0  2.092E+06  4.673E+03  2.859E+01  1.692E+06
  706.0  2.063E+06  4.562E+03  2.781E+01  1.686E+06
  707.0  2.035E+06  4.454E+03  2.706E+01  1.680E+06
  708.0  2.008E+06  4.348E+03  2.633E+01  1.674E+06
  709.0  1.980E+06  4.245E+03  2.562E+01  1.668E+06
  710.0  1.953E+06  4.144E+03  2.492E+01  1.663E+06
  711.0  1.927E+06  4.046E+03  2.425E+01  1.657E+06
  712.0  1.900E+06  3.950E+03  2.359E+01  1.651E+06
  713.0  1.874E+06  3.856E+03  2.295E+01  1.646E+06
  714.0  1.849E+06  3.765E+03  2.233E+01  1.640E+06
  715.0  1.824E+06  3.676E+03  2.173E+01  1.635E+06
  716.0  1.799E+06  3.589E+03  2.114E+01  1.629E+06
  717.0  1.775E+06  3.504E+03  2.057E+01  1.623E+06
  718.0  1.750E+06  3.421E+03  2.001E+01  1.618E+06
  719.0  1.727E+06  3.340E+03  1.947E+01  1.612E+06
  720.0  1.703E+06  3.261E+03  1.895E+01  1.607E+06
  721.0  1.680E+06  3.184E+03  1.844E+01  1.601E+06
  722.0  1.657E+06  3.108E+03  1.794E+01  1.596E+06
  723.0  1.635E+06  3.035E+03  1.746E+01  1.590E+06
  724.0  1.612E+06  2.963E+03  1.699E+01  1.585E+06
  725.0  1.591E+06  2.893E+03  1.653E+01  1.580E+06
  726.0  1.569E+06  2.825E+03  1.608E+01  1.574E+06
  727.0  1.548E+06  2.758E+03  1.565E+01  1.569E+06
  728.0  1.527E+06  2.693E+03  1.523E+01  1.563E+06
  729.0  1.506E+06  2.629E+03  1.482E+01  1.558E+06
  730.0  1.486E+06  2.567E+03  1.442E+01  1.553E+06
  731.0  1.466E+06  2.507E+03  1.403E+01  1.548E+06
  732.0  1.446E+06  2.448E+03  1.365E+01  1.542E+06
  733.0  1.426E+06  2.390E+03  1.329E+01  1.537E+06
  734.0  1.407E+06  2.334E+03  1.293E+01  1.532E+06
  735.0  1.388E+06  2.279E+03  1.258E+01  1.527E+06
  736.0  1.369E+06  2.225E+03  1.224E+01  1.521E+06
  737.0  1.350E+06  2.173E+03  1.191E+01  1.516E+06
  738.0  1.332E+06  2.121E+03  1.159E+01  1.511E+06
  739.0  1.314E+06  2.072E+03  1.128E+01  1.506E+06
  740.0  1.296E+06  2.023E+03  1.098E+01  1.501E+06
  741.0  1.279E+06  1.975E+03  1.069E+01  1.496E+06
  742.0  1.262E+06  1.929E+03  1.040E+01  1.491E+06
  743.0  1.245E+06  1.883E+03  1.012E+01  1.486E+06
  744.0  1.228E+06  1.839E+03  9.848E+00  1.481E+06
  745.0  1.211E+06  1.796E+03  9.584E+00  1.476E+06
  746.0  1.195E+06  1.754E+03  9.328E+00  1.471E+06
  747.0  1.179E+06  1.713E+03  9.078E+00  1.466E+06
  748.0  1.163E+06  1.672E+03  8.835E+00  1.461E+06
  749.0  1.147E+06  1.633E+03  8.598E+00  1.456E+06
  750.0  1.132E+06  1.595E+03  8.368E+00  1.451E+06
  751.0  1.117E+06  1.557E+03  8.144E+00  1.446E+06
  752.0  1.101E+06  1.521E+03  7.926E+00  1.441E+06
  753.0  1.087E+06  1.485E+03  7.714E+00  1.436E+06
  754.0  1.072E+06  1.450E+03  7.508E+00  1.431E+06
  755.0  1.058E+06  1.416E+03  7.307E+00  1.426E+06
  756.0  1.043E+06  1.383E+03  7.112E+00  1.422E+06
  757.0  1.029E+06  1.351E+03  6.922E+00  1.417E+06
  758.0  1.016E+06  1.319E+03  6.737E+00  1.412E+06
  759.0  1.002E+06  1.288E+03  6.557E+00  1.407E+06
  760.0  9.884E+05  1.258E+03  6.382E+00  1.402E+06
  761.0  9.751E+05  1.229E+03  6.212E+00  1.398E+06
  762.0  9.620E+05  1.200E+03  6.046E+00  1.393E+06
  763.0  9.491E+05  1.172E+03  5.885E+00  1.388E+06
  764.0  9.364E+05  1.145E+03  5.728E+00  1.384E+06
  765.0  9.238E+05  1.118E+03  5.575E+00  1.379E+06
  766.0  9.114E+05  1.092E+03  5.427E+00  1.374E+06
  767.0  8.992E+05  1.066E+03  5.282E+00  1.370E+06
  768.0  8.871E+05  1.041E+03  5.141E+00  1.365E+06
  769.0  8.752E+05  1.017E+03  5.004E+00  1.360E+06
  770.0  8.635E+05  9.934E+02  4.871E+00  1.356E+06
  771.0  8.519E+05  9.702E+02  4.742E+00  1.351E+06
  772.0  8.405E+05  9.476E+02  4.615E+00  1.347E+06
  773.0  8.293E+05  9.255E+02  4.493E+00  1.342E+06
  774.0  8.182E+05  9.039E+02  4.373E+00  1.338E+06
  775.0  8.072E+05  8.829E+02  4.257E+00  1.333E+06
  776.0  7.964E+05  8.623E+02  4.144E+00  1.329E+06
  777.0  7.858E+05  8.422E+02  4.034E+00  1.324E+06
  778.0  7.753E+05  8.226E+02  3.927E+00  1.320E+06
  779.0  7.649E+05  8.035E+02  3.822E+00  1.315E+06
  780.0  7.547E+05  7.848E+02  3.721E+00  1.311E+06
  781.0  7.446E+05  7.665E+02  3.622E+00  1.307E+06
  782.0  7.347E+05  7.487E+02  3.526E+00  1.302E+06
  783.0  7.249E+05  7.313E+02  3.432E+00  1.298E+06
  784.0  7.152E+05  7.143E+02  3.341E+00  1.293E+06
  785.0  7.056E+05  6.977E+02  3.253E+00  1.289E+06
  786.0  6.962E+05  6.815E+02  3.167E+00  1.285E+06
  787.0  6.869E+05  6.657E+02  3.083E+00  1.280E+06
  788.0  6.778E+05  6.502E+02  3.001E+00  1.276E+06
  789.0  6.688E+05  6.351E+02  2.922E+00  1.272E+06
  790.0  6.598E+05  6.204E+02  2.844E+00  1.268E+06
  791.0  6.510E+05  6.060E+02  2.769E+00  1.263E+06
  792.0  6.424E+05  5.919E+02  2.696E+00  1.259E+06
  793.0  6.338E+05  5.782E+02  2.624E+00  1.255E+06
  794.0  6.254E+05  5.648E+02  2.555E+00  1.251E+06
  795.0  6.171E+05  5.517E+02  2.487E+00  1.247E+06
  796.0  6.089E+05  5.389E+02  2.422E+00  1.242E+06
  797.0  6.008E+05  5.265E+02  2.358E+00  1.238E+06
  798.0  5.928E+05  5.143E+02  2.295E+00  1.234E+06
  799.0  5.849E+05  5.024E+02  2.235E+00  1.230E+06
  800.0  5.771E+05  4.907E+02  2.176E+00  1.226E+06
  801.0  5.695E+05  4.794E+02  2.118E+00  1.222E+06
  802.0  5.619E+05  4.683E+02  2.063E+00  1.218E+06
  803.0  5.544E+05  4.575E+02  2.008E+00  1.214E+06
  804.0  5.471E+05  4.469E+02  1.955E+00  1.210E+06
  805.0  5.398E+05  4.366E+02  1.904E+00  1.206E+06
  806.0  5.327E+05  4.265E+02  1.853E+00  1.202E+06
  807.0  5.256E+05  4.166E+02  1.805E+00  1.198E+06
  808.0  5.186E+05  4.070E+02  1.757E+00  1.194E+06
  809.0  5.117E+05  3.976E+02  1.711E+00  1.190E+06
  810.0  5.050E+05  3.885E+02  1.666E+00  1.186E+06
  811.0  4.983E+05  3.795E+02  1.622E+00  1.182E+06
  812.0  4.917E+05  3.707E+02  1.579E+00  1.178E+06
  813.0  4.852E+05  3.622E+02  1.538E+00  1.174E+06
  814.0  4.787E+05  3.538E+02  1.497E+00  1.170E+06
  815.0  4.724E+05  3.457E+02  1.458E+00  1.166E+06
  816.0  4.662E+05  3.377E+02  1.420E+00  1.162E+06
  817.0  4.600E+05  3.300E+02  1.382E+00  1.158E+06
  818.0  4.539E+05  3.224E+02  1.346E+00  1.154E+06
  819.0  4.479E+05  3.149E+02  1.311E+00  1.151E+06
  820.0  4.420E+05  3.077E+02  1.276E+00  1.147E+06
  821.0  4.362E+05  3.006E+02  1.243E+00  1.143E+06
  822.0  4.304E+05  2.937E+02  1.210E+00  1.139E+06
  823.0  4.247E+05  2.869E+02  1.178E+00  1.135E+06
  824.0  4.191E+05  2.803E+02  1.147E+00  1.132E+06
  825.0  4.136E+05  2.739E+02  1.117E+00  1.128E+06
  826.0  4.081E+05  2.676E+02  1.088E+00  1.124E+06
  827.0  4.027E+05  2.615E+02  1.060E+00  1.120E+06
  828.0  3.974E+05  2.555E+02  1.032E+00  1.117E+06
  829.0  3.922E+05  2.496E+02  1.005E+00  1.113E+06
  830.0  3.870E+05  2.439E+02  9.785E-01  1.109E+06
  831.0  3.819E+05  2.383E+02  9.529E-01  1.106E+06
  832.0  3.769E+05  2.328E+02  9.279E-01  1.102E+06
  833.0  3.719E+05  2.275E+02  9.037E-01  1.098E+06
  834.0  3.670E+05  2.223E+02  8.800E-01  1.095E+06
  835.0  3.622E+05  2.172E+02  8.570E-01  1.091E+06
  836.0  3.574E+05  2.122E+02  8.346E-01  1.088E+06
  837.0  3.527E+05  2.073E+02  8.128E-01  1.084E+06
  838.0  3.481E+05  2.026E+02  7.916E-01  1.080E+06
  839.0  3.435E+05  1.979E+02  7.709E-01  1.077E+06
  840.0  3.390E+05  1.934E+02  7.508E-01  1.073E+06
  841.0  3.346E+05  1.890E+02  7.312E-01  1.070E+06
  842.0  3.302E+05  1.847E+02  7.121E-01  1.066E+06
  843.0  3.258E+05  1.804E+02  6.935E-01  1.063E+06
  844.0  3.215E+05  1.763E+02  6.754E-01  1.059E+06
  845.0  3.173E+05  1.723E+02  6.578E-01  1.056E+06
  846.0  3.132E+05  1.684E+02  6.407E-01  1.052E+06
  847.0  3.091E+05  1.645E+02  6.240E-01  1.049E+06
  848.0  3.050E+05  1.608E+02  6.077E-01  1.045E+06
  849.0  3.010E+05  1.571E+02  5.919E-01  1.042E+06
  850.0  2.971E+05  1.535E+02  5.765E-01  1.038E+06
  851.0  2.932E+05  1.500E+02  5.615E-01  1.035E+06
  852.0  2.893E+05  1.466E+02  5.469E-01  1.032E+06
  853.0  2.855E+05  1.432E+02  5.326E-01  1.028E+06
  854.0  2.818E+05  1.400E+02  5.188E-01  1.025E+06
  855.0  2.781E+05  1.368E+02  5.053E-01  1.021E+06
  856.0  2.745E+05  1.337E+02  4.921E-01  1.018E+06
  857.0  2.709E+05  1.306E+02  4.794E-01  1.015E+06
  858.0  2.673E+05  1.276E+02  4.669E-01  1.011E+06
  859.0  2.638E+05  1.247E+02  4.548E-01  1.008E+06
  860.0  2.604E+05  1.219E+02  4.430E-01  1.005E+06
  861.0  2.570E+05  1.191E+02  4.315E-01  1.001E+06
  862.0  2.536E+05  1.164E+02  4.203E-01  9.982E+05
  863.0  2.503E+05  1.138E+02  4.094E-01  9.949E+05
  864.0  2.471E+05  1.112E+02  3.987E-01  9.916E+05
  865.0  2.438E+05  1.087E+02  3.884E-01  9.884E+05
  866.0  2.407E+05  1.062E+02  3.783E-01  9.851E+05
  867.0  2.375E+05  1.038E+02  3.685E-01  9.819E+05
  868.0  2.344E+05  1.014E+02  3.590E-01  9.787E+05
  869.0  2.314E+05  9.912E+01  3.497E-01  9.755E+05
  870.0  2.283E+05  9.687E+01  3.406E-01  9.723E+05
  871.0  2.254E+05  9.467E+01  3.318E-01  9.691E+05
  872.0  2.224E+05  9.252E+01  3.232E-01  9.659E+05
  873.0  2.195E+05  9.042E+01  3.149E-01  9.628E+05
  874.0  2.167E+05  8.837E+01  3.067E-01  9.596E+05
  875.0  2.139E+05  8.637E+01  2.988E-01  9.565E+05
  876.0  2.111E+05  8.441E+01  2.911E-01  9.534E+05
  877.0  2.083E+05  8.250E+01  2.835E-01  9.502E+05
  878.0  2.056E+05  8.063E+01  2.762E-01  9.471E+05
  879.0  2.029E+05  7.881E+01  2.691E-01  9.440E+05
  880.0  2.003E+05  7.702E+01  2.621E-01  9.410E+05
  881.0  1.977E+05  7.528E+01  2.554E-01  9.379E+05
  882.0  1.951E+05  7.358E+01  2.488E-01  9.348E+05
  883.0  1.926E+05  7.191E+01  2.423E-01  9.318E+05
  884.0  1.901E+05  7.029E+01  2.361E-01  9.287E+05
  885.0  1.876E+05  6.870E+01  2.300E-01  9.257E+05
  886.0  1.852E+05  6.715E+01  2.241E-01  9.227E+05
  887.0  1.828E+05  6.563E+01  2.183E-01  9.197E+05
  888.0  1.804E+05  6.415E+01  2.127E-01  9.167E+05
  889.0  1.781E+05  6.270E+01  2.072E-01  9.137E+05
  890.0  1.758E+05  6.128E+01  2.019E-01  9.107E+05
  891.0  1.735E+05  5.990E+01  1.967E-01  9.078E+05
  892.0  1.713E+05  5.855E+01  1.916E-01  9.048E+05
  893.0  1.690E+05  5.723E+01  1.867E-01  9.019E+05
  894.0  1.668E+05  5.594E+01  1.819E-01  8.989E+05
  895.0  1.647E+05  5.468E+01  1.772E-01  8.960E+05
  896.0  1.626E+05  5.344E+01  1.726E-01  8.931E+05
  897.0  1.605E+05  5.224E+01  1.682E-01  8.902E+05
  898.0  1.584E+05  5.106E+01  1.639E-01  8.873E+05
  899.0  1.563E+05  4.991E+01  1.597E-01  8.844E+05
  900.0  1.543E+05  4.879E+01  1.556E-01  8.815E+05
  901.0  1.523E+05  4.769E+01  1.516E-01  8.787E+05
  902.0  1.503E+05  4.662E+01  1.477E-01  8.758E+05
  903.0  1.484E+05  4.557E+01  1.439E-01  8.730E+05
  904.0  1.465E+05  4.455E+01  1.402E-01  8.702E+05
  905.0  1.446E+05  4.354E+01  1.366E-01  8.673E+05
  906.0  1.427E+05  4.257E+01  1.331E-01  8.645E+05
  907.0  1.409E+05  4.161E+01  1.297E-01  8.617E+05
  908.0  1.391E+05  4.067E+01  1.264E-01  8.589E+05
  909.0  1.373E+05  3.976E+01  1.231E-01  8.561E+05
  910.0  1.355E+05  3.887E+01  1.200E-01  8.534E+05
  911.0  1.338E+05  3.800E+01  1.169E-01  8.506E+05
  912.0  1.320E+05  3.714E+01  1.139E-01  8.479E+05
  913.0  1.303E+05  3.631E+01  1.110E-01  8.451E+05
  914.0  1.287E+05  3.550E+01  1.081E-01  8.424E+05
  915.0  1.270E+05  3.470E+01  1.054E-01  8.397E+05
  916.0  1.254E+05  3.392E+01  1.027E-01  8.369E+05
  917.0  1.238E+05  3.316E+01  1.001E-01  8.342E+05
  918.0  1.222E+05  3.242E+01  9.750E-02  8.315E+05
  919.0  1.206E+05  3.169E+01  9.501E-02  8.289E+05
  920.0  1.190E+05  3.098E+01  9.258E-02  8.262E+05
  921.0  1.175E+05  3.029E+01  9.022E-02  8.235E+05
  922.0  1.160E+05  2.961E+01  8.791E-02  8.209E+05
  923.0  1.145E+05  2.895E+01  8.567E-02  8.182E+05
  924.0  1.130E+05  2.830E+01  8.348E-02  8.156E+05
  925.0  1.116E+05  2.767E+01  8.135E-02  8.129E+05
  926.0  1.102E+05  2.705E+01  7.928E-02  8.103E+05
  927.0  1.087E+05  2.645E+01  7.726E-02  8.077E+05
  928.0  1.074E+05  2.586E+01  7.529E-02  8.051E+05
  929.0  1.060E+05  2.528E+01  7.337E-02  8.025E+05
  930.0  1.046E+05  2.471E+01  7.150E-02  7.999E+05
  931.0  1.033E+05  2.416E+01  6.968E-02  7.973E+05
  932.0  1.020E+05  2.362E+01  6.791E-02  7.948E+05
  933.0  1.006E+05  2.310E+01  6.618E-02  7.922E+05
  934.0  9.936E+04  2.258E+01  6.449E-02  7.897E+05
  935.0  9.809E+04  2.208E+01  6.285E-02  7.871E+05
  936.0  9.683E+04  2.159E+01  6.125E-02  7.846E+05
  937.0  9.559E+04  2.110E+01  5.970E-02  7.821E+05
  938.0  9.437E+04  2.063E+01  5.818E-02  7.796E+05
  939.0  9.316E+04  2.017E+01  5.670E-02  7.771E+05
  940.0  9.197E+04  1.973E+01  5.526E-02  7.746E+05
  941.0  9.080E+04  1.929E+01  5.386E-02  7.721E+05
  942.0  8.964E+04  1.886E+01  5.249E-02  7.696E+05
  943.0  8.849E+04  1.844E+01  5.116E-02  7.671E+05
  944.0  8.736E+04  1.803E+01  4.986E-02  7.647E+05
  945.0  8.625E+04  1.763E+01  4.859E-02  7.622E+05
  946.0  8.514E+04  1.724E+01  4.736E-02  7.598E+05
  947.0  8.406E+04  1.685E+01  4.616E-02  7.573E+05
  948.0  8.299E+04  1.648E+01  4.499E-02  7.549E+05
  949.0  8.193E+04  1.611E+01  4.385E-02  7.525E+05
  950.0  8.088E+04  1.575E+01  4.274E-02  7.501E+05
  951.0  7.985E+04  1.540E+01  4.165E-02  7.477E+05
  952.0  7.883E+04  1.506E+01  4.060E-02  7.453E+05
  953.0  7.783E+04  1.473E+01  3.957E-02  7.429E+05
  954.0  7.684E+04  1.440E+01  3.857E-02  7.405E+05
  955.0  7.586E+04  1.408E+01  3.759E-02  7.382E+05
  956.0  7.489E+04  1.377E+01  3.664E-02  7.358E+05
  957.0  7.394E+04  1.346E+01  3.572E-02  7.334E+05
  958.0  7.300E+04  1.317E+01  3.481E-02  7.311E+05
  959.0  7.207E+04  1.287E+01  3.393E-02  7.288E+05
  960.0  7.116E+04  1.259E+01  3.308E-02  7.264E+05
  961.0  7.025E+04  1.231E+01  3.224E-02  7.241E+05
  962.0  6.936E+04  1.204E+01  3.143E-02  7.218E+05
  963.0  6.848E+04  1.177E+01  3.063E-02  7.195E+05
  964.0  6.761E+04  1.151E+01  2.986E-02  7.172E+05
  965.0  6.675E+04  1.126E+01  2.911E-02  7.149E+05
  966.0  6.590E+04  1.101E+01  2.837E-02  7.126E+05
  967.0  6.506E+04  1.076E+01  2.766E-02  7.104E+05
  968.0  6.424E+04  1.053E+01  2.696E-02  7.081E+05
  969.0  6.342E+04  1.029E+01  2.628E-02  7.058E+05
  970.0  6.262E+04  1.007E+01  2.562E-02  7.036E+05
  971.0  6.183E+04  9.844E+00  2.497E-02  7.014E+05
  972.0  6.104E+04  9.627E+00  2.434E-02  6.991E+05
  973.0  6.027E+04  9.415E+00  2.373E-02  6.969E+05
  974.0  5.951E+04  9.207E+00  2.313E-02  6.947E+05
  975.0  5.875E+04  9.004E+00  2.255E-02  6.925E+05
  976.0  5.801E+04  8.805E+00  2.198E-02  6.903E+05
  977.0  5.727E+04  8.611E+00  2.143E-02  6.881E+05
  978.0  5.655E+04  8.421E+00  2.089E-02  6.859E+05
  979.0  5.583E+04  8.236E+00  2.037E-02  6.837E+05
  980.0  5.513E+04  8.054E+00  1.985E-02  6.815E+05
  981.0  5.443E+04  7.877E+00  1.935E-02  6.794E+05
  982.0  5.374E+04  7.704E+00  1.887E-02  6.772E+05
  983.0  5.306E+04  7.534E+00  1.839E-02  6.751E+05
  984.0  5.239E+04  7.368E+00  1.793E-02  6.729E+05
  985.0  5.173E+04  7.206E+00  1.748E-02  6.708E+05
  986.0  5.108E+04  7.048E+00  1.704E-02  6.687E+05
  987.0  5.043E+04  6.893E+00  1.662E-02  6.665E+05
  988.0  4.980E+04  6.741E+00  1.620E-02  6.644E+05
  989.0  4.917E+04  6.593E+00  1.579E-02  6.623E+05
  990.0  4.855E+04  6.448E+00  1.540E-02  6.602E+05
  991.0  4.794E+04  6.307E+00  1.501E-02  6.581E+05
  992.0  4.733E+04  6.168E+00  1.464E-02  6.560E+05
  993.0  4.674E+04  6.033E+00  1.427E-02  6.540E+05
  994.0  4.615E+04  5.900E+00  1.391E-02  6.519E+05
  995.0  4.557E+04  5.771E+00  1.356E-02  6.498E+05
  996.0  4.499E+04  5.644E+00  1.322E-02  6.478E+05
  997.0  4.443E+04  5.521E+00  1.289E-02  6.457E+05
  998.0  4.387E+04  5.400E+00  1.257E-02  6.437E+05
  999.0  4.331E+04  5.281E+00  1.226E-02  6.417E+05
